2024-05-22 09:59:45.396 - DBeaver 23.2.5.202311191730 is starting
2024-05-22 09:59:45.397 - OS: Windows 11 10.0 (amd64)
2024-05-22 09:59:45.397 - Java version: 17.0.6 by Eclipse Adoptium (64bit)
2024-05-22 09:59:45.397 - Install path: 'C:\Program Files\DBeaver'
2024-05-22 09:59:45.398 - Instance path: 'file:/D:/web_1300_jyg/geungeunhanjan/workspace/geungeunhanjan/ERD/'
2024-05-22 09:59:45.398 - Memory available 64Mb/1024Mb
2024-05-22 09:59:45.411 - Create display
> Start Eclipse IDE UI [org.eclipse.ui.ide 3.21.100.v20230825-1346]
2024-05-22 09:59:45.543 - Initializing DBeaver 23.2.5
2024-05-22 09:59:45.544 - Host plugin: org.jkiss.dbeaver.ui.app.standalone 23.2.5.202311191730
2024-05-22 09:59:45.544 - Initialize desktop platform...
2024-05-22 09:59:45.725 - BounceCastle bundle found. Use JCE provider BC
> Start Core File Systems [org.eclipse.core.filesystem 1.10.100.v20230717-1727]
> Start Core Resource Management [org.eclipse.core.resources 3.19.100.v20230814-1312]
> Start Team Support Core [org.eclipse.team.core 3.10.100.v20230726-0617]
> Start DBeaver UI Navigator [org.jkiss.dbeaver.ui.navigator 1.0.119.202311191730]
2024-05-22 09:59:45.966 - Initialize base platform...
2024-05-22 09:59:45.987 - Platform initialized (443ms)
2024-05-22 09:59:46.030 - Starting instance server at http://localhost:60148
2024-05-22 09:59:46.039 - Run workbench
> Start DBeaver UI [org.jkiss.dbeaver.ui 5.1.134.202311191730]
> Start Eclipse e4 Workbench SWT [org.eclipse.e4.ui.workbench.swt 0.17.100.v20230727-0604]
> Start Eclipse Application Services [org.eclipse.e4.core.services 2.4.100.v20230708-0809]
> Start Eclipse UI Application Services [org.eclipse.e4.ui.services 1.6.100.v20230630-1554]
> Start Eclipse e4 Progress View [org.eclipse.e4.ui.progress 0.4.100.v20230727-0604]
> Start Eclipse Bindings Support [org.eclipse.e4.ui.bindings 0.14.100.v20230630-1554]
> Start Eclipse e4 core commands [org.eclipse.e4.core.commands 1.1.100.v20230630-1554]
> Start EMF XML/XMI Persistence [org.eclipse.emf.ecore.xmi 2.35.0.v20230801-1141]
> Start Eclipse CSS SWT Theme Support [org.eclipse.e4.ui.css.swt.theme 0.14.100.v20230727-0604]
> Start Eclipse e4 Workbench Add-ons [org.eclipse.e4.ui.workbench.addons.swt 1.5.100.v20230727-0604]
> Start Eclipse e4 Workbench SWT Renderer [org.eclipse.e4.ui.workbench.renderers.swt 0.16.100.v20230801-1255]
> Start Eclipse Dependency Injection Extensions [org.eclipse.e4.core.di.extensions 0.18.0.v20230429-1914]
> Start Eclipse CSS SWT Support [org.eclipse.e4.ui.css.swt 0.15.100.v20230727-0604]
2024-05-22 09:59:47.898 - Configure workbench window
> Start DBeaver SQL Model [org.jkiss.dbeaver.model.sql 1.0.109.202311191730]
2024-05-22 09:59:48.416 - Total database drivers: 107 (107)
> Start Help System Core [org.eclipse.help 3.10.100.v20230726-0617]
2024-05-22 09:59:48.521 - Create actions
2024-05-22 09:59:48.527 - Disable Eclipse action set 'org.eclipse.ui.edit.text.actionSet.annotationNavigation'
2024-05-22 09:59:48.528 - Disable Eclipse action set 'org.eclipse.ui.WorkingSetActionSet'
2024-05-22 09:59:48.528 - Disable Eclipse action set 'org.eclipse.ui.actionSet.openFiles'
> Start jna [com.sun.jna 5.13.0.v20230812-1000]
2024-05-22 09:59:49.236 - Initialize workbench window
2024-05-22 09:59:49.246 - Finish initialization
> Start Default Text Editor [org.eclipse.ui.editors 3.17.0.v20230821-1342]
> Start Text Editor Framework [org.eclipse.ui.workbench.texteditor 3.17.100.v20230821-0745]
> Start DBeaver UI Editors - Data [org.jkiss.dbeaver.ui.editors.data 1.0.119.202311191730]
> Start Internet Connection Management UI [org.eclipse.ui.net 1.5.100.v20230726-0617]
> Start Internet Connection Management [org.eclipse.core.net 1.5.100.v20230630-1232]
> Start DBeaver UI Editors - SQL [org.jkiss.dbeaver.ui.editors.sql 1.0.119.202311191730]
> Start DBeaver Sample Database [org.jkiss.dbeaver.ext.sample.database 1.0.156.202311191730]
> Start DBeaver Tip of the day [org.jkiss.dbeaver.ext.ui.tipoftheday 1.0.125.202311191730]
> Start GEF Classic Draw2d [org.eclipse.draw2d 3.14.0.202308311129]
> Start GEF Classic GEF (MVC) [org.eclipse.gef 3.15.0.202308311129]
> Start DBeaver ERD UI [org.jkiss.dbeaver.erd.ui 3.0.79.202311191730]
> Start DBeaver ERD Model [org.jkiss.dbeaver.erd.model 1.0.79.202311191730]
> Start DBeaver JDBC Model [org.jkiss.dbeaver.model.jdbc 1.0.12.202311191730]
> Start DBeaver Oracle Model [org.jkiss.dbeaver.ext.oracle 2.1.204.202311191730]
2024-05-22 09:59:50.864 - Connect with 'localhost' (oracle_thin-18f9ae69c16-f4c9a895e93e61c)
2024-05-22 09:59:50.928 - Execution context opened (localhost; Main; 0)
2024-05-22 09:59:52.009 - Execution context opened (localhost; Metadata; 1)
2024-05-22 09:59:52.101 - Connected (oracle_thin-18f9ae69c16-f4c9a895e93e61c, Oracle JDBC driver [12.2.0.1.0])
> Start ICU4J Base [com.ibm.icu.base 58.2.0.v20170418-1837]
> Start DBeaver Oracle UI [org.jkiss.dbeaver.ext.oracle.ui 1.0.106.202311191730]
2024-05-22 09:59:54.919 - Can't get column 'COLUMN_NAMES_NUMS': Invalid column name
> Start DBeaver SQL Terminal [org.jkiss.dbeaver.ui.editors.sql.terminal 1.0.95.202311191730]
> Start Core Compare Support [org.eclipse.compare.core 3.8.100.v20230726-0617]
> Start Console [org.eclipse.ui.console 3.13.0.v20230726-0617]
> Start Debug Core [org.eclipse.debug.core 3.21.100.v20230731-1425]
2024-05-22 10:01:08.919 - Execution context opened (localhost; SQLEditor <geungeunhanjan.sql>; 2)
> Start DBeaver Tasks - Native Tools UI [org.jkiss.dbeaver.tasks.native.ui 1.0.97.202311191730]
> Start DBeaver Tasks - General UI [org.jkiss.dbeaver.tasks.ui 1.0.97.202311191730]
2024-05-22 10:02:02.689 - SQL Error [942] [42000]: ORA-00942: table or view does not exist

org.jkiss.dbeaver.model.sql.DBSQLException: SQL Error [942] [42000]: ORA-00942: table or view does not exist

	at org.jkiss.dbeaver.model.impl.jdbc.exec.JDBCStatementImpl.executeStatement(JDBCStatementImpl.java:133)
	at org.jkiss.dbeaver.ui.editors.sql.execute.SQLQueryJob.executeStatement(SQLQueryJob.java:607)
	at org.jkiss.dbeaver.ui.editors.sql.execute.SQLQueryJob.lambda$1(SQLQueryJob.java:510)
	at org.jkiss.dbeaver.model.exec.DBExecUtils.tryExecuteRecover(DBExecUtils.java:190)
	at org.jkiss.dbeaver.ui.editors.sql.execute.SQLQueryJob.executeSingleQuery(SQLQueryJob.java:517)
	at org.jkiss.dbeaver.ui.editors.sql.execute.SQLQueryJob.extractData(SQLQueryJob.java:971)
	at org.jkiss.dbeaver.ui.editors.sql.SQLEditor$QueryResultsContainer.readData(SQLEditor.java:4134)
	at org.jkiss.dbeaver.ui.controls.resultset.ResultSetJobDataRead.lambda$0(ResultSetJobDataRead.java:123)
	at org.jkiss.dbeaver.model.exec.DBExecUtils.tryExecuteRecover(DBExecUtils.java:190)
	at org.jkiss.dbeaver.ui.controls.resultset.ResultSetJobDataRead.run(ResultSetJobDataRead.java:121)
	at org.jkiss.dbeaver.ui.controls.resultset.ResultSetViewer$ResultSetDataPumpJob.run(ResultSetViewer.java:5151)
	at org.jkiss.dbeaver.model.runtime.AbstractJob.run(AbstractJob.java:105)
	at org.eclipse.core.internal.jobs.Worker.run(Worker.java:63)
Caused by: java.sql.SQLSyntaxErrorException: ORA-00942: table or view does not exist

	at oracle.jdbc.driver.T4CTTIoer11.processError(T4CTTIoer11.java:494)
	at oracle.jdbc.driver.T4CTTIoer11.processError(T4CTTIoer11.java:446)
	at oracle.jdbc.driver.T4C8Oall.processError(T4C8Oall.java:1054)
	at oracle.jdbc.driver.T4CTTIfun.receive(T4CTTIfun.java:623)
	at oracle.jdbc.driver.T4CTTIfun.doRPC(T4CTTIfun.java:252)
	at oracle.jdbc.driver.T4C8Oall.doOALL(T4C8Oall.java:612)
	at oracle.jdbc.driver.T4CStatement.doOall8(T4CStatement.java:213)
	at oracle.jdbc.driver.T4CStatement.doOall8(T4CStatement.java:37)
	at oracle.jdbc.driver.T4CStatement.executeForRows(T4CStatement.java:896)
	at oracle.jdbc.driver.OracleStatement.doExecuteWithTimeout(OracleStatement.java:1119)
	at oracle.jdbc.driver.OracleStatement.executeInternal(OracleStatement.java:1737)
	at oracle.jdbc.driver.OracleStatement.execute(OracleStatement.java:1692)
	at oracle.jdbc.driver.OracleStatementWrapper.execute(OracleStatementWrapper.java:300)
	at org.jkiss.dbeaver.model.impl.jdbc.exec.JDBCStatementImpl.execute(JDBCStatementImpl.java:330)
	at org.jkiss.dbeaver.model.impl.jdbc.exec.JDBCStatementImpl.executeStatement(JDBCStatementImpl.java:131)
	... 12 more
Caused by: Error : 942, Position : 44, Sql = --권한 부여테이블 삭제
DROP TABLE GGHJ_authorization CASCADE CONSTRAINTS, OriginalSql = --권한 부여테이블 삭제
DROP TABLE GGHJ_authorization CASCADE CONSTRAINTS, Error Msg = ORA-00942: table or view does not exist

	at oracle.jdbc.driver.T4CTTIoer11.processError(T4CTTIoer11.java:498)
	... 26 more
2024-05-22 10:05:56.310 - Can't get column 'EXTERNAL_NAME': Invalid column name
2024-05-22 10:05:56.311 - Can't get column 'ACCOUNT_STATUS': Invalid column name
2024-05-22 10:05:56.312 - Can't get column 'LOCK_DATE': Invalid column name
2024-05-22 10:05:56.312 - Can't get column 'EXPIRY_DATE': Invalid column name
2024-05-22 10:05:56.312 - Can't get column 'DEFAULT_TABLESPACE': Invalid column name
2024-05-22 10:05:56.312 - Can't get column 'TEMPORARY_TABLESPACE': Invalid column name
2024-05-22 10:05:56.312 - Can't get column 'PROFILE': Invalid column name
2024-05-22 10:05:56.313 - Can't get column 'INITIAL_RSRC_CONSUMER_GROUP': Invalid column name
2024-05-22 11:06:25.752 - System suspend detected! Reinitialize all remote connections.
2024-05-22 11:31:26.745 - System suspend detected! Reinitialize all remote connections.
> Start DBeaver SQL Language Semantic Model [org.jkiss.dbeaver.model.lsm 1.0.14.202311191730]
> Start DBeaver SQL Server Model [org.jkiss.dbeaver.ext.mssql 1.0.213.202311191730]
> Start DBeaver SQLite Model [org.jkiss.dbeaver.ext.sqlite 1.0.168.202311191730]
> Start DBeaver Generic Plug-in [org.jkiss.dbeaver.ext.generic 2.3.205.202311191730]
2024-05-22 11:45:17.244 - SQL Error [942] [42000]: ORA-00942: table or view does not exist

org.jkiss.dbeaver.model.sql.DBSQLException: SQL Error [942] [42000]: ORA-00942: table or view does not exist

	at org.jkiss.dbeaver.model.impl.jdbc.exec.JDBCStatementImpl.executeStatement(JDBCStatementImpl.java:133)
	at org.jkiss.dbeaver.ui.editors.sql.execute.SQLQueryJob.executeStatement(SQLQueryJob.java:607)
	at org.jkiss.dbeaver.ui.editors.sql.execute.SQLQueryJob.lambda$1(SQLQueryJob.java:510)
	at org.jkiss.dbeaver.model.exec.DBExecUtils.tryExecuteRecover(DBExecUtils.java:190)
	at org.jkiss.dbeaver.ui.editors.sql.execute.SQLQueryJob.executeSingleQuery(SQLQueryJob.java:517)
	at org.jkiss.dbeaver.ui.editors.sql.execute.SQLQueryJob.extractData(SQLQueryJob.java:971)
	at org.jkiss.dbeaver.ui.editors.sql.SQLEditor$QueryResultsContainer.readData(SQLEditor.java:4134)
	at org.jkiss.dbeaver.ui.controls.resultset.ResultSetJobDataRead.lambda$0(ResultSetJobDataRead.java:123)
	at org.jkiss.dbeaver.model.exec.DBExecUtils.tryExecuteRecover(DBExecUtils.java:190)
	at org.jkiss.dbeaver.ui.controls.resultset.ResultSetJobDataRead.run(ResultSetJobDataRead.java:121)
	at org.jkiss.dbeaver.ui.controls.resultset.ResultSetViewer$ResultSetDataPumpJob.run(ResultSetViewer.java:5151)
	at org.jkiss.dbeaver.model.runtime.AbstractJob.run(AbstractJob.java:105)
	at org.eclipse.core.internal.jobs.Worker.run(Worker.java:63)
Caused by: java.sql.SQLSyntaxErrorException: ORA-00942: table or view does not exist

	at oracle.jdbc.driver.T4CTTIoer11.processError(T4CTTIoer11.java:494)
	at oracle.jdbc.driver.T4CTTIoer11.processError(T4CTTIoer11.java:446)
	at oracle.jdbc.driver.T4C8Oall.processError(T4C8Oall.java:1054)
	at oracle.jdbc.driver.T4CTTIfun.receive(T4CTTIfun.java:623)
	at oracle.jdbc.driver.T4CTTIfun.doRPC(T4CTTIfun.java:252)
	at oracle.jdbc.driver.T4C8Oall.doOALL(T4C8Oall.java:612)
	at oracle.jdbc.driver.T4CStatement.doOall8(T4CStatement.java:213)
	at oracle.jdbc.driver.T4CStatement.doOall8(T4CStatement.java:37)
	at oracle.jdbc.driver.T4CStatement.executeForRows(T4CStatement.java:896)
	at oracle.jdbc.driver.OracleStatement.doExecuteWithTimeout(OracleStatement.java:1119)
	at oracle.jdbc.driver.OracleStatement.executeInternal(OracleStatement.java:1737)
	at oracle.jdbc.driver.OracleStatement.execute(OracleStatement.java:1692)
	at oracle.jdbc.driver.OracleStatementWrapper.execute(OracleStatementWrapper.java:300)
	at org.jkiss.dbeaver.model.impl.jdbc.exec.JDBCStatementImpl.execute(JDBCStatementImpl.java:330)
	at org.jkiss.dbeaver.model.impl.jdbc.exec.JDBCStatementImpl.executeStatement(JDBCStatementImpl.java:131)
	... 12 more
Caused by: Error : 942, Position : 44, Sql = --권한 부여테이블 삭제
DROP TABLE GGHJ_authorization CASCADE CONSTRAINTS, OriginalSql = --권한 부여테이블 삭제
DROP TABLE GGHJ_authorization CASCADE CONSTRAINTS, Error Msg = ORA-00942: table or view does not exist

	at oracle.jdbc.driver.T4CTTIoer11.processError(T4CTTIoer11.java:498)
	... 26 more
2024-05-22 11:45:27.026 - Execution context closed (localhost, 2)
2024-05-22 11:45:27.332 - DBeaver is stopping
2024-05-22 11:45:27.334 - Stop instance server
2024-05-22 11:45:28.334 - DBeaver shutdown completed
