2024-06-01 14:21:34.419 - DBeaver 24.0.1.202403241413 is starting
2024-06-01 14:21:34.421 - OS: Windows 11 10.0 (amd64)
2024-06-01 14:21:34.421 - Java version: 17.0.6 by Eclipse Adoptium (64bit)
2024-06-01 14:21:34.422 - Install path: 'C:\homework_sas\web_dbms\dbeaver'
2024-06-01 14:21:34.422 - Instance path: 'file:/C:/homework_sas/web/TimeNotionBack/'
2024-06-01 14:21:34.424 - Memory available 64Mb/1024Mb
2024-06-01 14:21:34.438 - Create display
2024-06-01 14:21:34.615 - Initialize desktop platform...
2024-06-01 14:21:34.803 - BounceCastle bundle found. Use JCE provider BC
> Start Core File Systems [org.eclipse.core.filesystem 1.10.200.v20231102-0934]
> Start Core Resource Management [org.eclipse.core.resources 3.20.0.v20231102-0934]
> Start 팀 지원 핵심 [org.eclipse.team.core 3.10.200.v20231106-1240]
> Start DBeaver UI Navigator [org.jkiss.dbeaver.ui.navigator 1.0.127.202403241413]
2024-06-01 14:21:35.141 - 
2024-06-01 14:21:35.141 - 	Refreshing workspace.
2024-06-01 14:21:35.143 - Refreshing workspace contents
2024-06-01 14:21:35.147 - 	Adding project 'General'
2024-06-01 14:21:35.147 - Create.
> Start 디버그 핵심 [org.eclipse.debug.core 3.21.200.v20231021-1513]
> Start jna [com.sun.jna 5.13.0.v20230812-1000]
> Start 인터넷 연결 관리 사용자 인터페이스 [org.eclipse.ui.net 1.5.200.v20231106-1240]
> Start Internet Connection Management [org.eclipse.core.net 1.5.200.v20231106-1240]
> Start JSch 핵심 [org.eclipse.jsch.core 1.5.200.v20231106-1240]
2024-06-01 14:21:35.931 - Initialize base platform...
2024-06-01 14:21:36.019 - Platform initialized (1403ms)
> Start DBeaver UI Editors - Base [org.jkiss.dbeaver.ui.editors.base 1.0.127.202403241413]
2024-06-01 14:21:36.144 - Starting instance server at http://localhost:64775
2024-06-01 14:21:36.164 - Run workbench
> Start Eclipse e4 작업영역 SWT [org.eclipse.e4.ui.workbench.swt 0.17.200.v20231030-2045]
> Start Eclipse Application Services [org.eclipse.e4.core.services 2.4.200.v20231103-2012]
> Start Eclipse UI Application Services [org.eclipse.e4.ui.services 1.6.200.v20231030-2045]
> Start Eclipse e4 Progress View [org.eclipse.e4.ui.progress 0.4.200.v20231030-2045]
> Start Eclipse Bindings Support [org.eclipse.e4.ui.bindings 0.14.200.v20231030-2045]
> Start Eclipse e4 core commands [org.eclipse.e4.core.commands 1.1.200.v20231108-1058]
> Start EMF XML/XMI Persistence [org.eclipse.emf.ecore.xmi 2.36.0.v20231002-1156]
> Start Eclipse CSS SWT Theme Support [org.eclipse.e4.ui.css.swt.theme 0.14.200.v20230913-1724]
> Start Eclipse e4 작업영역 기능 추가 [org.eclipse.e4.ui.workbench.addons.swt 1.5.200.v20231106-1600]
> Start Eclipse e4 작업영역 SWT 렌더러 [org.eclipse.e4.ui.workbench.renderers.swt 0.16.200.v20231030-2045]
> Start Eclipse Dependency Injection Extensions [org.eclipse.e4.core.di.extensions 0.18.100.v20231103-2012]
> Start Eclipse CSS SWT Support [org.eclipse.e4.ui.css.swt 0.15.200.v20231025-0632]
2024-06-01 14:21:38.532 - Configure workbench window
> Start DBeaver SQL Model [org.jkiss.dbeaver.model.sql 1.0.117.202403241413]
2024-06-01 14:21:38.710 - Total database drivers: 112 (112)
> Start 도움말 시스템 코어 [org.eclipse.help 3.10.200.v20231106-1240]
2024-06-01 14:21:38.860 - Create actions
2024-06-01 14:21:38.878 - Disable Eclipse action set 'org.eclipse.ui.edit.text.actionSet.annotationNavigation'
2024-06-01 14:21:38.879 - Disable Eclipse action set 'org.eclipse.ui.WorkingSetActionSet'
2024-06-01 14:21:38.879 - Disable Eclipse action set 'org.eclipse.ui.actionSet.openFiles'
2024-06-01 14:21:40.298 - Initialize workbench window
2024-06-01 14:21:40.301 - Finish initialization
> Start DBeaver UI Editors - Data [org.jkiss.dbeaver.ui.editors.data 1.0.127.202403241413]
Warning: NLS unused message: actions_navigator__objects in: org.jkiss.dbeaver.ui.editors.sql.internal.SQLEditorMessages
> Start DBeaver UI Editors - SQL [org.jkiss.dbeaver.ui.editors.sql 1.0.127.202403241413]
> Start GEF Classic Draw2d [org.eclipse.draw2d 3.14.100.202311222042]
> Start GEF Classic GEF (MVC) [org.eclipse.gef 3.16.0.202311222042]
> Start DBeaver ERD UI [org.jkiss.dbeaver.erd.ui 3.0.87.202403241413]
> Start DBeaver ERD Model [org.jkiss.dbeaver.erd.model 1.0.87.202403241413]
> Start DBeaver JDBC Model [org.jkiss.dbeaver.model.jdbc 1.0.20.202403241413]
> Start DBeaver Oracle Model [org.jkiss.dbeaver.ext.oracle 2.1.212.202403241413]
> Start 기본 문서 편집기 [org.eclipse.ui.editors 3.17.100.v20231106-1600]
> Start 텍스트 편집기 프레임워크 [org.eclipse.ui.workbench.texteditor 3.17.200.v20231106-1600]
> Start DBeaver Sample Database [org.jkiss.dbeaver.ext.sample.database 1.0.164.202403241413]
> Start DBeaver Tip of the day [org.jkiss.dbeaver.ext.ui.tipoftheday 1.0.133.202403241413]
2024-06-01 14:21:43.490 - Open [https://dbeaver.io/product/version.xml]
> Start DBeaver UI Editors - Connections [org.jkiss.dbeaver.ui.editors.connection 1.0.118.202403241413]
2024-06-01 14:21:55.153 - Connect with 'locallhost' (oracle_thin-18fa469b47d-54c7474df90315f4)
2024-06-01 14:21:55.201 - Execution context opened (locallhost; Main; 0)
2024-06-01 14:21:55.991 - Execution context opened (locallhost; Metadata; 1)
2024-06-01 14:21:56.143 - Connected (oracle_thin-18fa469b47d-54c7474df90315f4, Oracle JDBC driver [23.2.0.0.0])
> Start DBeaver Oracle UI [org.jkiss.dbeaver.ext.oracle.ui 1.0.114.202403241413]
2024-06-01 14:21:59.987 - Can't get column 'EXTERNAL_NAME': ORA-17006: 열 이름이 부적합합니다.
2024-06-01 14:21:59.987 - Can't get column 'ACCOUNT_STATUS': ORA-17006: 열 이름이 부적합합니다.
2024-06-01 14:21:59.988 - Can't get column 'LOCK_DATE': ORA-17006: 열 이름이 부적합합니다.
2024-06-01 14:21:59.988 - Can't get column 'EXPIRY_DATE': ORA-17006: 열 이름이 부적합합니다.
2024-06-01 14:21:59.988 - Can't get column 'DEFAULT_TABLESPACE': ORA-17006: 열 이름이 부적합합니다.
2024-06-01 14:21:59.988 - Can't get column 'TEMPORARY_TABLESPACE': ORA-17006: 열 이름이 부적합합니다.
2024-06-01 14:21:59.988 - Can't get column 'PROFILE': ORA-17006: 열 이름이 부적합합니다.
2024-06-01 14:21:59.988 - Can't get column 'INITIAL_RSRC_CONSUMER_GROUP': ORA-17006: 열 이름이 부적합합니다.
> Start DBeaver Tasks - Native Tools UI [org.jkiss.dbeaver.tasks.native.ui 1.0.105.202403241413]
> Start DBeaver Tasks - General UI [org.jkiss.dbeaver.tasks.ui 1.0.105.202403241413]
> Start DBeaver SQL Terminal [org.jkiss.dbeaver.ui.editors.sql.terminal 1.0.103.202403241413]
> Start 핵심 비교 지원 [org.eclipse.compare.core 3.8.300.v20231106-1240]
> Start 콘솔 [org.eclipse.ui.console 3.13.100.v20230914-0751]
2024-06-01 14:22:08.217 - Execution context opened (locallhost; SQLEditor <Script-1.sql>; 2)
> Start DBeaver SQL Language Semantic Model [org.jkiss.dbeaver.model.lsm 1.0.22.202403241413]
> Start ICU4J Base [com.ibm.icu.base 58.2.0.v20170418-1837]
2024-06-01 15:10:46.640 - Can't get column 'COLUMN_NAMES_NUMS': ORA-17006: 열 이름이 부적합합니다.
2024-06-01 15:13:10.252 - Resource 'meta.org.jkiss.dbeaver.model.navigator.DBNResource.nodeDisplayName.name' not found in bundle org.jkiss.dbeaver.model
2024-06-01 15:13:11.041 - Execution context opened (locallhost; SQLEditor <Script.sql>; 3)
2024-06-01 15:28:35.939 - Error parsing query
org.eclipse.jface.text.BadLocationException
	at org.eclipse.jface.text.AbstractDocument.get(AbstractDocument.java:958)
	at org.eclipse.core.internal.filebuffers.SynchronizableDocument.get(SynchronizableDocument.java:130)
	at org.jkiss.dbeaver.model.sql.parser.SQLScriptParser.parseQuery(SQLScriptParser.java:118)
	at org.jkiss.dbeaver.model.sql.parser.SQLScriptParser.extractScriptQueries(SQLScriptParser.java:903)
	at org.jkiss.dbeaver.ui.editors.sql.SQLEditorBase.extractScriptQueries(SQLEditorBase.java:900)
	at org.jkiss.dbeaver.ui.editors.sql.syntax.SQLReconcilingStrategy.extractQueries(SQLReconcilingStrategy.java:284)
	at org.jkiss.dbeaver.ui.editors.sql.syntax.SQLReconcilingStrategy.reconcile(SQLReconcilingStrategy.java:218)
	at org.jkiss.dbeaver.ui.editors.sql.syntax.SQLReconcilingStrategy.reconcile(SQLReconcilingStrategy.java:100)
	at org.eclipse.jface.text.reconciler.MonoReconciler.process(MonoReconciler.java:74)
	at org.eclipse.jface.text.reconciler.AbstractReconciler$BackgroundThread.run(AbstractReconciler.java:207)
Exception in thread "org.eclipse.jface.text.reconciler.MonoReconciler" org.jkiss.dbeaver.ui.editors.sql.syntax.SQLReconcilingStrategy$SQLReconcilingStrategyException: org.eclipse.jface.text.BadLocationException
	at org.jkiss.dbeaver.ui.editors.sql.syntax.SQLReconcilingStrategy.getNumberOfLines(SQLReconcilingStrategy.java:302)
	at org.jkiss.dbeaver.ui.editors.sql.syntax.SQLReconcilingStrategy.deservesFolding(SQLReconcilingStrategy.java:288)
	at java.base/java.util.stream.ReferencePipeline$2$1.accept(Unknown Source)
	at java.base/java.util.ArrayList$ArrayListSpliterator.forEachRemaining(Unknown Source)
	at java.base/java.util.stream.AbstractPipeline.copyInto(Unknown Source)
	at java.base/java.util.stream.AbstractPipeline.wrapAndCopyInto(Unknown Source)
	at java.base/java.util.stream.ReduceOps$ReduceOp.evaluateSequential(Unknown Source)
	at java.base/java.util.stream.AbstractPipeline.evaluate(Unknown Source)
	at java.base/java.util.stream.ReferencePipeline.collect(Unknown Source)
	at org.jkiss.dbeaver.ui.editors.sql.syntax.SQLReconcilingStrategy.reconcile(SQLReconcilingStrategy.java:248)
	at org.jkiss.dbeaver.ui.editors.sql.syntax.SQLReconcilingStrategy.reconcile(SQLReconcilingStrategy.java:102)
	at org.eclipse.jface.text.reconciler.MonoReconciler.process(MonoReconciler.java:74)
	at org.eclipse.jface.text.reconciler.AbstractReconciler$BackgroundThread.run(AbstractReconciler.java:207)
Caused by: org.eclipse.jface.text.BadLocationException
	at org.eclipse.jface.text.TreeLineTracker.fail(TreeLineTracker.java:1054)
	at org.eclipse.jface.text.TreeLineTracker.lineByOffset(TreeLineTracker.java:268)
	at org.eclipse.jface.text.TreeLineTracker.getLineNumberOfOffset(TreeLineTracker.java:1122)
	at org.eclipse.jface.text.AbstractLineTracker.getLineNumberOfOffset(AbstractLineTracker.java:246)
	at org.eclipse.jface.text.AbstractDocument.getLineOfOffset(AbstractDocument.java:863)
	at org.eclipse.core.internal.filebuffers.SynchronizableDocument.getLineOfOffset(SynchronizableDocument.java:334)
	at org.jkiss.dbeaver.ui.editors.sql.syntax.SQLReconcilingStrategy.getNumberOfLines(SQLReconcilingStrategy.java:300)
	... 12 more
2024-06-01 15:57:44.764 - SQL Error [933] [42000]: ORA-00933: SQL command not properly ended


Error position: line: 240 pos: 79
org.jkiss.dbeaver.model.sql.DBSQLException: SQL Error [933] [42000]: ORA-00933: SQL command not properly ended

	at org.jkiss.dbeaver.model.impl.jdbc.exec.JDBCStatementImpl.executeStatement(JDBCStatementImpl.java:133)
	at org.jkiss.dbeaver.ui.editors.sql.execute.SQLQueryJob.executeStatement(SQLQueryJob.java:614)
	at org.jkiss.dbeaver.ui.editors.sql.execute.SQLQueryJob.lambda$2(SQLQueryJob.java:505)
	at org.jkiss.dbeaver.model.exec.DBExecUtils.tryExecuteRecover(DBExecUtils.java:191)
	at org.jkiss.dbeaver.ui.editors.sql.execute.SQLQueryJob.executeSingleQuery(SQLQueryJob.java:524)
	at org.jkiss.dbeaver.ui.editors.sql.execute.SQLQueryJob.extractData(SQLQueryJob.java:976)
	at org.jkiss.dbeaver.ui.editors.sql.SQLEditor$QueryResultsContainer.readData(SQLEditor.java:4133)
	at org.jkiss.dbeaver.ui.controls.resultset.ResultSetJobDataRead.lambda$0(ResultSetJobDataRead.java:123)
	at org.jkiss.dbeaver.model.exec.DBExecUtils.tryExecuteRecover(DBExecUtils.java:191)
	at org.jkiss.dbeaver.ui.controls.resultset.ResultSetJobDataRead.run(ResultSetJobDataRead.java:121)
	at org.jkiss.dbeaver.ui.controls.resultset.ResultSetViewer$ResultSetDataPumpJob.run(ResultSetViewer.java:5148)
	at org.jkiss.dbeaver.model.runtime.AbstractJob.run(AbstractJob.java:114)
	at org.eclipse.core.internal.jobs.Worker.run(Worker.java:63)
Caused by: java.sql.SQLSyntaxErrorException: ORA-00933: SQL command not properly ended

	at oracle.jdbc.driver.T4CTTIoer11.processError(T4CTTIoer11.java:702)
	at oracle.jdbc.driver.T4CTTIoer11.processError(T4CTTIoer11.java:608)
	at oracle.jdbc.driver.T4C8Oall.processError(T4C8Oall.java:1335)
	at oracle.jdbc.driver.T4CTTIfun.receive(T4CTTIfun.java:1041)
	at oracle.jdbc.driver.T4CTTIfun.doRPC(T4CTTIfun.java:443)
	at oracle.jdbc.driver.T4C8Oall.doOALL(T4C8Oall.java:533)
	at oracle.jdbc.driver.T4CStatement.doOall8(T4CStatement.java:176)
	at oracle.jdbc.driver.T4CStatement.executeForDescribe(T4CStatement.java:1050)
	at oracle.jdbc.driver.OracleStatement.prepareDefineBufferAndExecute(OracleStatement.java:1318)
	at oracle.jdbc.driver.OracleStatement.executeMaybeDescribe(OracleStatement.java:1197)
	at oracle.jdbc.driver.OracleStatement.executeSQLSelect(OracleStatement.java:1721)
	at oracle.jdbc.driver.OracleStatement.doExecuteWithTimeout(OracleStatement.java:1518)
	at oracle.jdbc.driver.OracleStatement.executeInternal(OracleStatement.java:2557)
	at oracle.jdbc.driver.OracleStatement.execute(OracleStatement.java:2506)
	at oracle.jdbc.driver.OracleStatementWrapper.execute(OracleStatementWrapper.java:334)
	at org.jkiss.dbeaver.model.impl.jdbc.exec.JDBCStatementImpl.execute(JDBCStatementImpl.java:330)
	at org.jkiss.dbeaver.model.impl.jdbc.exec.JDBCStatementImpl.executeStatement(JDBCStatementImpl.java:131)
	... 12 more
Caused by: Error : 933, Position : 79, SQL = SELECT COUNT(*) AS TOTAL
FROM GGHJ_BOARD
WHERE BOARD_LIFE_CYCLE = '노년기'), Original SQL = SELECT COUNT(*) AS TOTAL
FROM GGHJ_BOARD
WHERE BOARD_LIFE_CYCLE = '노년기'), Error Message = ORA-00933: SQL command not properly ended

	at oracle.jdbc.driver.T4CTTIoer11.processError(T4CTTIoer11.java:710)
	... 28 more
2024-06-01 15:58:47.799 - SQL Error [900] [42000]: ORA-00900: invalid SQL statement


Error position: line: 236
org.jkiss.dbeaver.model.sql.DBSQLException: SQL Error [900] [42000]: ORA-00900: invalid SQL statement

	at org.jkiss.dbeaver.model.impl.jdbc.exec.JDBCStatementImpl.executeStatement(JDBCStatementImpl.java:133)
	at org.jkiss.dbeaver.ui.editors.sql.execute.SQLQueryJob.executeStatement(SQLQueryJob.java:614)
	at org.jkiss.dbeaver.ui.editors.sql.execute.SQLQueryJob.lambda$2(SQLQueryJob.java:505)
	at org.jkiss.dbeaver.model.exec.DBExecUtils.tryExecuteRecover(DBExecUtils.java:191)
	at org.jkiss.dbeaver.ui.editors.sql.execute.SQLQueryJob.executeSingleQuery(SQLQueryJob.java:524)
	at org.jkiss.dbeaver.ui.editors.sql.execute.SQLQueryJob.extractData(SQLQueryJob.java:976)
	at org.jkiss.dbeaver.ui.editors.sql.SQLEditor$QueryResultsContainer.readData(SQLEditor.java:4133)
	at org.jkiss.dbeaver.ui.controls.resultset.ResultSetJobDataRead.lambda$0(ResultSetJobDataRead.java:123)
	at org.jkiss.dbeaver.model.exec.DBExecUtils.tryExecuteRecover(DBExecUtils.java:191)
	at org.jkiss.dbeaver.ui.controls.resultset.ResultSetJobDataRead.run(ResultSetJobDataRead.java:121)
	at org.jkiss.dbeaver.ui.controls.resultset.ResultSetViewer$ResultSetDataPumpJob.run(ResultSetViewer.java:5148)
	at org.jkiss.dbeaver.model.runtime.AbstractJob.run(AbstractJob.java:114)
	at org.eclipse.core.internal.jobs.Worker.run(Worker.java:63)
Caused by: java.sql.SQLSyntaxErrorException: ORA-00900: invalid SQL statement

	at oracle.jdbc.driver.T4CTTIoer11.processError(T4CTTIoer11.java:702)
	at oracle.jdbc.driver.T4CTTIoer11.processError(T4CTTIoer11.java:608)
	at oracle.jdbc.driver.T4C8Oall.processError(T4C8Oall.java:1335)
	at oracle.jdbc.driver.T4CTTIfun.receive(T4CTTIfun.java:1041)
	at oracle.jdbc.driver.T4CTTIfun.doRPC(T4CTTIfun.java:443)
	at oracle.jdbc.driver.T4C8Oall.doOALL(T4C8Oall.java:533)
	at oracle.jdbc.driver.T4CStatement.doOall8(T4CStatement.java:176)
	at oracle.jdbc.driver.T4CStatement.executeForRows(T4CStatement.java:1305)
	at oracle.jdbc.driver.OracleStatement.executeSQLStatement(OracleStatement.java:1877)
	at oracle.jdbc.driver.OracleStatement.doExecuteWithTimeout(OracleStatement.java:1520)
	at oracle.jdbc.driver.OracleStatement.executeInternal(OracleStatement.java:2557)
	at oracle.jdbc.driver.OracleStatement.execute(OracleStatement.java:2506)
	at oracle.jdbc.driver.OracleStatementWrapper.execute(OracleStatementWrapper.java:334)
	at org.jkiss.dbeaver.model.impl.jdbc.exec.JDBCStatementImpl.execute(JDBCStatementImpl.java:330)
	at org.jkiss.dbeaver.model.impl.jdbc.exec.JDBCStatementImpl.executeStatement(JDBCStatementImpl.java:131)
	... 12 more
Caused by: Error : 900, Position : 0, SQL = COUNT, Original SQL = COUNT, Error Message = ORA-00900: invalid SQL statement

	at oracle.jdbc.driver.T4CTTIoer11.processError(T4CTTIoer11.java:710)
	... 26 more
2024-06-01 17:07:19.385 - SQL Error [911] [22019]: ORA-00911: invalid character

org.jkiss.dbeaver.model.sql.DBSQLException: SQL Error [911] [22019]: ORA-00911: invalid character

	at org.jkiss.dbeaver.model.impl.jdbc.exec.JDBCStatementImpl.executeStatement(JDBCStatementImpl.java:133)
	at org.jkiss.dbeaver.ui.editors.sql.execute.SQLQueryJob.executeStatement(SQLQueryJob.java:614)
	at org.jkiss.dbeaver.ui.editors.sql.execute.SQLQueryJob.lambda$2(SQLQueryJob.java:505)
	at org.jkiss.dbeaver.model.exec.DBExecUtils.tryExecuteRecover(DBExecUtils.java:191)
	at org.jkiss.dbeaver.ui.editors.sql.execute.SQLQueryJob.executeSingleQuery(SQLQueryJob.java:524)
	at org.jkiss.dbeaver.ui.editors.sql.execute.SQLQueryJob.extractData(SQLQueryJob.java:976)
	at org.jkiss.dbeaver.ui.editors.sql.SQLEditor$QueryResultsContainer.readData(SQLEditor.java:4133)
	at org.jkiss.dbeaver.ui.controls.resultset.ResultSetJobDataRead.lambda$0(ResultSetJobDataRead.java:123)
	at org.jkiss.dbeaver.model.exec.DBExecUtils.tryExecuteRecover(DBExecUtils.java:191)
	at org.jkiss.dbeaver.ui.controls.resultset.ResultSetJobDataRead.run(ResultSetJobDataRead.java:121)
	at org.jkiss.dbeaver.ui.controls.resultset.ResultSetViewer$ResultSetDataPumpJob.run(ResultSetViewer.java:5148)
	at org.jkiss.dbeaver.model.runtime.AbstractJob.run(AbstractJob.java:114)
	at org.eclipse.core.internal.jobs.Worker.run(Worker.java:63)
Caused by: java.sql.SQLSyntaxErrorException: ORA-00911: invalid character

	at oracle.jdbc.driver.T4CTTIoer11.processError(T4CTTIoer11.java:702)
	at oracle.jdbc.driver.T4CTTIoer11.processError(T4CTTIoer11.java:608)
	at oracle.jdbc.driver.T4C8Oall.processError(T4C8Oall.java:1335)
	at oracle.jdbc.driver.T4CTTIfun.receive(T4CTTIfun.java:1041)
	at oracle.jdbc.driver.T4CTTIfun.doRPC(T4CTTIfun.java:443)
	at oracle.jdbc.driver.T4C8Oall.doOALL(T4C8Oall.java:533)
	at oracle.jdbc.driver.T4CStatement.doOall8(T4CStatement.java:176)
	at oracle.jdbc.driver.T4CStatement.executeForDescribe(T4CStatement.java:1050)
	at oracle.jdbc.driver.OracleStatement.prepareDefineBufferAndExecute(OracleStatement.java:1318)
	at oracle.jdbc.driver.OracleStatement.executeMaybeDescribe(OracleStatement.java:1197)
	at oracle.jdbc.driver.OracleStatement.executeSQLSelect(OracleStatement.java:1721)
	at oracle.jdbc.driver.OracleStatement.doExecuteWithTimeout(OracleStatement.java:1518)
	at oracle.jdbc.driver.OracleStatement.executeInternal(OracleStatement.java:2557)
	at oracle.jdbc.driver.OracleStatement.execute(OracleStatement.java:2506)
	at oracle.jdbc.driver.OracleStatementWrapper.execute(OracleStatementWrapper.java:334)
	at org.jkiss.dbeaver.model.impl.jdbc.exec.JDBCStatementImpl.execute(JDBCStatementImpl.java:330)
	at org.jkiss.dbeaver.model.impl.jdbc.exec.JDBCStatementImpl.executeStatement(JDBCStatementImpl.java:131)
	... 12 more
Caused by: Error : 911, Position : 1128, SQL = -- 모두의 일대기 게시판 페이징 처리 --
    SELECT BOARD_TITLE, BOARD_CREATED_DATE, BOARD_VIEW_CONTENT, BOARD_ID, USER_ID
FROM (
    SELECT ROWNUM AS RNUM, BOARD_TITLE, BOARD_CREATED_DATE, BOARD_VIEW_CONTENT, BOARD_ID, USER_ID
    FROM (
        SELECT BOARD_CREATED_DATE, BOARD_TITLE, BOARD_ID, USER_ID
        FROM (
            SELECT B.BOARD_CREATED_DATE,
                   B.BOARD_LIFE_CYCLE,
                   B.USER_ID,
                   B.BOARD_ID,
                   B.BOARD_TITLE,
                   COALESCE(U.USER_NICKNAME, K.KAKAO_NICKNAME) NICKNAME,
                   F.USER_FILE_PROFILE_NAME,
                   F.USER_FILE_PROFILE_SOURCE,
                   F.USER_FILE_PROFILE_UUID,
                   B.BOARD_CONTENT,
                   B.BOARD_VIEW_COUNT
            FROM GGHJ_BOARD B
            JOIN GGHJ_UNI UNI ON B.USER_ID = UNI.UNI_ID
            LEFT JOIN GGHJ_USER U ON UNI.USER_ID = U.USER_ID
            LEFT JOIN GGHJ_KAKAO K ON UNI.KAKAO_ID = K.KAKAO_ID
            LEFT JOIN GGHJ_USER_FILE F ON U.USER_ID = F.USER_ID
            WHERE B.BOARD_LIFE_CYCLE = #{boardLifeCycle}  -- 필터링 조건 추가
            ORDER BY B.BOARD_CREATED_DATE DESC
        )
    )
    WHERE ROWNUM <= #{criteria.page} * #{criteria.amount}
)
WHERE RNUM > (#{criteria.page} - 1) * #{criteria.amount}
]]>, Original SQL = -- 모두의 일대기 게시판 페이징 처리 --
    SELECT BOARD_TITLE, BOARD_CREATED_DATE, BOARD_VIEW_CONTENT, BOARD_ID, USER_ID
FROM (
    SELECT ROWNUM AS RNUM, BOARD_TITLE, BOARD_CREATED_DATE, BOARD_VIEW_CONTENT, BOARD_ID, USER_ID
    FROM (
        SELECT BOARD_CREATED_DATE, BOARD_TITLE, BOARD_ID, USER_ID
        FROM (
            SELECT B.BOARD_CREATED_DATE,
                   B.BOARD_LIFE_CYCLE,
                   B.USER_ID,
                   B.BOARD_ID,
                   B.BOARD_TITLE,
                   COALESCE(U.USER_NICKNAME, K.KAKAO_NICKNAME) NICKNAME,
                   F.USER_FILE_PROFILE_NAME,
                   F.USER_FILE_PROFILE_SOURCE,
                   F.USER_FILE_PROFILE_UUID,
                   B.BOARD_CONTENT,
                   B.BOARD_VIEW_COUNT
            FROM GGHJ_BOARD B
            JOIN GGHJ_UNI UNI ON B.USER_ID = UNI.UNI_ID
            LEFT JOIN GGHJ_USER U ON UNI.USER_ID = U.USER_ID
            LEFT JOIN GGHJ_KAKAO K ON UNI.KAKAO_ID = K.KAKAO_ID
            LEFT JOIN GGHJ_USER_FILE F ON U.USER_ID = F.USER_ID
            WHERE B.BOARD_LIFE_CYCLE = #{boardLifeCycle}  -- 필터링 조건 추가
            ORDER BY B.BOARD_CREATED_DATE DESC
        )
    )
    WHERE ROWNUM <= #{criteria.page} * #{criteria.amount}
)
WHERE RNUM > (#{criteria.page} - 1) * #{criteria.amount}
]]>, Error Message = ORA-00911: invalid character

	at oracle.jdbc.driver.T4CTTIoer11.processError(T4CTTIoer11.java:710)
	... 28 more
2024-06-01 17:20:42.262 - SQL Error [900] [42000]: ORA-00900: invalid SQL statement

org.jkiss.dbeaver.model.sql.DBSQLException: SQL Error [900] [42000]: ORA-00900: invalid SQL statement

	at org.jkiss.dbeaver.model.impl.jdbc.exec.JDBCStatementImpl.executeStatement(JDBCStatementImpl.java:133)
	at org.jkiss.dbeaver.ui.editors.sql.execute.SQLQueryJob.executeStatement(SQLQueryJob.java:614)
	at org.jkiss.dbeaver.ui.editors.sql.execute.SQLQueryJob.lambda$2(SQLQueryJob.java:505)
	at org.jkiss.dbeaver.model.exec.DBExecUtils.tryExecuteRecover(DBExecUtils.java:191)
	at org.jkiss.dbeaver.ui.editors.sql.execute.SQLQueryJob.executeSingleQuery(SQLQueryJob.java:524)
	at org.jkiss.dbeaver.ui.editors.sql.execute.SQLQueryJob.extractData(SQLQueryJob.java:976)
	at org.jkiss.dbeaver.ui.editors.sql.SQLEditor$QueryResultsContainer.readData(SQLEditor.java:4133)
	at org.jkiss.dbeaver.ui.controls.resultset.ResultSetJobDataRead.lambda$0(ResultSetJobDataRead.java:123)
	at org.jkiss.dbeaver.model.exec.DBExecUtils.tryExecuteRecover(DBExecUtils.java:191)
	at org.jkiss.dbeaver.ui.controls.resultset.ResultSetJobDataRead.run(ResultSetJobDataRead.java:121)
	at org.jkiss.dbeaver.ui.controls.resultset.ResultSetViewer$ResultSetDataPumpJob.run(ResultSetViewer.java:5148)
	at org.jkiss.dbeaver.model.runtime.AbstractJob.run(AbstractJob.java:114)
	at org.eclipse.core.internal.jobs.Worker.run(Worker.java:63)
Caused by: java.sql.SQLSyntaxErrorException: ORA-00900: invalid SQL statement

	at oracle.jdbc.driver.T4CTTIoer11.processError(T4CTTIoer11.java:702)
	at oracle.jdbc.driver.T4CTTIoer11.processError(T4CTTIoer11.java:608)
	at oracle.jdbc.driver.T4C8Oall.processError(T4C8Oall.java:1335)
	at oracle.jdbc.driver.T4CTTIfun.receive(T4CTTIfun.java:1041)
	at oracle.jdbc.driver.T4CTTIfun.doRPC(T4CTTIfun.java:443)
	at oracle.jdbc.driver.T4C8Oall.doOALL(T4C8Oall.java:533)
	at oracle.jdbc.driver.T4CStatement.doOall8(T4CStatement.java:176)
	at oracle.jdbc.driver.T4CStatement.executeForDescribe(T4CStatement.java:1050)
	at oracle.jdbc.driver.OracleStatement.prepareDefineBufferAndExecute(OracleStatement.java:1318)
	at oracle.jdbc.driver.OracleStatement.executeMaybeDescribe(OracleStatement.java:1197)
	at oracle.jdbc.driver.OracleStatement.executeSQLSelect(OracleStatement.java:1721)
	at oracle.jdbc.driver.OracleStatement.doExecuteWithTimeout(OracleStatement.java:1518)
	at oracle.jdbc.driver.OracleStatement.executeInternal(OracleStatement.java:2557)
	at oracle.jdbc.driver.OracleStatement.execute(OracleStatement.java:2506)
	at oracle.jdbc.driver.OracleStatementWrapper.execute(OracleStatementWrapper.java:334)
	at org.jkiss.dbeaver.model.impl.jdbc.exec.JDBCStatementImpl.execute(JDBCStatementImpl.java:330)
	at org.jkiss.dbeaver.model.impl.jdbc.exec.JDBCStatementImpl.executeStatement(JDBCStatementImpl.java:131)
	... 12 more
Caused by: Error : 900, Position : 58, SQL = -- 모두의 일대기 게시판 페이징 처리 --
    <select id="everyLifeagepaging" resultType="BoardVO">
    <![CDATA[
    SELECT BOARD_TITLE, BOARD_CREATED_DATE, BOARD_VIEW_CONTENT, BOARD_CONTENT, USER_NICKNAME, KAKAO_NICKNAME, BOARD_ID, USER_ID
    FROM (
        SELECT ROWNUM AS RNUM, BOARD_TITLE, BOARD_CREATED_DATE, BOARD_VIEW_CONTENT, BOARD_CONTENT, USER_NICKNAME, KAKAO_NICKNAME, BOARD_ID, USER_ID
        FROM (
            SELECT BOARD_CREATED_DATE, BOARD_TITLE, BOARD_ID, USER_ID
            FROM (
                SELECT B.BOARD_CREATED_DATE,
                       B.BOARD_LIFE_CYCLE,
                       B.USER_ID,
                       B.BOARD_ID,
                       B.BOARD_TITLE,
                       COALESCE(U.USER_NICKNAME, K.KAKAO_NICKNAME) NICKNAME,
                       F.USER_FILE_PROFILE_NAME,
                       F.USER_FILE_PROFILE_SOURCE,
                       F.USER_FILE_PROFILE_UUID,
                       B.BOARD_CONTENT,
                       B.BOARD_VIEW_COUNT
                FROM GGHJ_BOARD B
                JOIN GGHJ_UNI UNI ON B.USER_ID = UNI.UNI_ID
                LEFT JOIN GGHJ_USER U ON UNI.USER_ID = U.USER_ID
                LEFT JOIN GGHJ_KAKAO K ON UNI.KAKAO_ID = K.KAKAO_ID
                LEFT JOIN GGHJ_USER_FILE F ON U.USER_ID = F.USER_ID
                WHERE B.BOARD_LIFE_CYCLE = #{boardLifeCycle}  -- 필터링 조건 추가
                ORDER BY B.BOARD_CREATED_DATE DESC
            )
        )
        WHERE ROWNUM <= #{criteria.page} * #{criteria.amount}
    )
    WHERE RNUM > (#{criteria.page} - 1) * #{criteria.amount}
    ]]>
</select>, Original SQL = -- 모두의 일대기 게시판 페이징 처리 --
    <select id="everyLifeagepaging" resultType="BoardVO">
    <![CDATA[
    SELECT BOARD_TITLE, BOARD_CREATED_DATE, BOARD_VIEW_CONTENT, BOARD_CONTENT, USER_NICKNAME, KAKAO_NICKNAME, BOARD_ID, USER_ID
    FROM (
        SELECT ROWNUM AS RNUM, BOARD_TITLE, BOARD_CREATED_DATE, BOARD_VIEW_CONTENT, BOARD_CONTENT, USER_NICKNAME, KAKAO_NICKNAME, BOARD_ID, USER_ID
        FROM (
            SELECT BOARD_CREATED_DATE, BOARD_TITLE, BOARD_ID, USER_ID
            FROM (
                SELECT B.BOARD_CREATED_DATE,
                       B.BOARD_LIFE_CYCLE,
                       B.USER_ID,
                       B.BOARD_ID,
                       B.BOARD_TITLE,
                       COALESCE(U.USER_NICKNAME, K.KAKAO_NICKNAME) NICKNAME,
                       F.USER_FILE_PROFILE_NAME,
                       F.USER_FILE_PROFILE_SOURCE,
                       F.USER_FILE_PROFILE_UUID,
                       B.BOARD_CONTENT,
                       B.BOARD_VIEW_COUNT
                FROM GGHJ_BOARD B
                JOIN GGHJ_UNI UNI ON B.USER_ID = UNI.UNI_ID
                LEFT JOIN GGHJ_USER U ON UNI.USER_ID = U.USER_ID
                LEFT JOIN GGHJ_KAKAO K ON UNI.KAKAO_ID = K.KAKAO_ID
                LEFT JOIN GGHJ_USER_FILE F ON U.USER_ID = F.USER_ID
                WHERE B.BOARD_LIFE_CYCLE = #{boardLifeCycle}  -- 필터링 조건 추가
                ORDER BY B.BOARD_CREATED_DATE DESC
            )
        )
        WHERE ROWNUM <= #{criteria.page} * #{criteria.amount}
    )
    WHERE RNUM > (#{criteria.page} - 1) * #{criteria.amount}
    ]]>
</select>, Error Message = ORA-00900: invalid SQL statement

	at oracle.jdbc.driver.T4CTTIoer11.processError(T4CTTIoer11.java:710)
	... 28 more
2024-06-01 17:32:19.967 - SQL Error [911] [22019]: ORA-00911: invalid character

org.jkiss.dbeaver.model.sql.DBSQLException: SQL Error [911] [22019]: ORA-00911: invalid character

	at org.jkiss.dbeaver.model.impl.jdbc.exec.JDBCStatementImpl.executeStatement(JDBCStatementImpl.java:133)
	at org.jkiss.dbeaver.ui.editors.sql.execute.SQLQueryJob.executeStatement(SQLQueryJob.java:614)
	at org.jkiss.dbeaver.ui.editors.sql.execute.SQLQueryJob.lambda$2(SQLQueryJob.java:505)
	at org.jkiss.dbeaver.model.exec.DBExecUtils.tryExecuteRecover(DBExecUtils.java:191)
	at org.jkiss.dbeaver.ui.editors.sql.execute.SQLQueryJob.executeSingleQuery(SQLQueryJob.java:524)
	at org.jkiss.dbeaver.ui.editors.sql.execute.SQLQueryJob.extractData(SQLQueryJob.java:976)
	at org.jkiss.dbeaver.ui.editors.sql.SQLEditor$QueryResultsContainer.readData(SQLEditor.java:4133)
	at org.jkiss.dbeaver.ui.controls.resultset.ResultSetJobDataRead.lambda$0(ResultSetJobDataRead.java:123)
	at org.jkiss.dbeaver.model.exec.DBExecUtils.tryExecuteRecover(DBExecUtils.java:191)
	at org.jkiss.dbeaver.ui.controls.resultset.ResultSetJobDataRead.run(ResultSetJobDataRead.java:121)
	at org.jkiss.dbeaver.ui.controls.resultset.ResultSetViewer$ResultSetDataPumpJob.run(ResultSetViewer.java:5148)
	at org.jkiss.dbeaver.model.runtime.AbstractJob.run(AbstractJob.java:114)
	at org.eclipse.core.internal.jobs.Worker.run(Worker.java:63)
Caused by: java.sql.SQLSyntaxErrorException: ORA-00911: invalid character

	at oracle.jdbc.driver.T4CTTIoer11.processError(T4CTTIoer11.java:702)
	at oracle.jdbc.driver.T4CTTIoer11.processError(T4CTTIoer11.java:608)
	at oracle.jdbc.driver.T4C8Oall.processError(T4C8Oall.java:1335)
	at oracle.jdbc.driver.T4CTTIfun.receive(T4CTTIfun.java:1041)
	at oracle.jdbc.driver.T4CTTIfun.doRPC(T4CTTIfun.java:443)
	at oracle.jdbc.driver.T4C8Oall.doOALL(T4C8Oall.java:533)
	at oracle.jdbc.driver.T4CStatement.doOall8(T4CStatement.java:176)
	at oracle.jdbc.driver.T4CStatement.executeForDescribe(T4CStatement.java:1050)
	at oracle.jdbc.driver.OracleStatement.prepareDefineBufferAndExecute(OracleStatement.java:1318)
	at oracle.jdbc.driver.OracleStatement.executeMaybeDescribe(OracleStatement.java:1197)
	at oracle.jdbc.driver.OracleStatement.executeSQLSelect(OracleStatement.java:1721)
	at oracle.jdbc.driver.OracleStatement.doExecuteWithTimeout(OracleStatement.java:1518)
	at oracle.jdbc.driver.OracleStatement.executeInternal(OracleStatement.java:2557)
	at oracle.jdbc.driver.OracleStatement.execute(OracleStatement.java:2506)
	at oracle.jdbc.driver.OracleStatementWrapper.execute(OracleStatementWrapper.java:334)
	at org.jkiss.dbeaver.model.impl.jdbc.exec.JDBCStatementImpl.execute(JDBCStatementImpl.java:330)
	at org.jkiss.dbeaver.model.impl.jdbc.exec.JDBCStatementImpl.executeStatement(JDBCStatementImpl.java:131)
	... 12 more
Caused by: Error : 911, Position : 1650, SQL = -- 모두의 일대기 게시판 페이징 처리 --
 /*   <select id="everyLifeagepaging" resultType="BoardVO">
    <![CDATA[*/
    SELECT BOARD_TITLE, BOARD_CREATED_DATE, BOARD_VIEW_COUNT, BOARD_CONTENT ,
    		NICKNAME, USER_FILE_PROFILE_NAME, USER_FILE_PROFILE_SOURCE, USER_FILE_PROFILE_UUID,
    		BOARD_ID, USER_ID
    FROM (
        SELECT ROWNUM AS RNUM, BOARD_TITLE, BOARD_CREATED_DATE, BOARD_VIEW_COUNT, BOARD_CONTENT ,
    		NICKNAME, USER_FILE_PROFILE_NAME, USER_FILE_PROFILE_SOURCE, USER_FILE_PROFILE_UUID,
    		BOARD_ID, USER_ID
        FROM (
            SELECT BOARD_TITLE, BOARD_CREATED_DATE, BOARD_VIEW_COUNT, BOARD_CONTENT ,
    		NICKNAME, USER_FILE_PROFILE_NAME, USER_FILE_PROFILE_SOURCE, USER_FILE_PROFILE_UUID,
    		BOARD_ID, USER_ID
            FROM (
                SELECT B.BOARD_CREATED_DATE,
                       B.BOARD_LIFE_CYCLE,
                       B.USER_ID,
                       B.BOARD_ID,
                       B.BOARD_TITLE,
                       COALESCE(U.USER_NICKNAME, K.KAKAO_NICKNAME) NICKNAME,
                       F.USER_FILE_PROFILE_NAME,
                       F.USER_FILE_PROFILE_SOURCE,
                       F.USER_FILE_PROFILE_UUID,
                       B.BOARD_CONTENT,
                       B.BOARD_VIEW_COUNT
                FROM GGHJ_BOARD B
                JOIN GGHJ_UNI UNI ON B.USER_ID = UNI.UNI_ID
                LEFT JOIN GGHJ_USER U ON UNI.USER_ID = U.USER_ID
                LEFT JOIN GGHJ_KAKAO K ON UNI.KAKAO_ID = K.KAKAO_ID
                LEFT JOIN GGHJ_USER_FILE F ON U.USER_ID = F.USER_ID
                WHERE B.BOARD_LIFE_CYCLE = #{boardLifeCycle}  -- 필터링 조건 추가
                ORDER BY B.BOARD_CREATED_DATE DESC
            )
        )
        WHERE ROWNUM <= 20
    )
    WHERE RNUM > 10, Original SQL = -- 모두의 일대기 게시판 페이징 처리 --
 /*   <select id="everyLifeagepaging" resultType="BoardVO">
    <![CDATA[*/
    SELECT BOARD_TITLE, BOARD_CREATED_DATE, BOARD_VIEW_COUNT, BOARD_CONTENT ,
    		NICKNAME, USER_FILE_PROFILE_NAME, USER_FILE_PROFILE_SOURCE, USER_FILE_PROFILE_UUID,
    		BOARD_ID, USER_ID
    FROM (
        SELECT ROWNUM AS RNUM, BOARD_TITLE, BOARD_CREATED_DATE, BOARD_VIEW_COUNT, BOARD_CONTENT ,
    		NICKNAME, USER_FILE_PROFILE_NAME, USER_FILE_PROFILE_SOURCE, USER_FILE_PROFILE_UUID,
    		BOARD_ID, USER_ID
        FROM (
            SELECT BOARD_TITLE, BOARD_CREATED_DATE, BOARD_VIEW_COUNT, BOARD_CONTENT ,
    		NICKNAME, USER_FILE_PROFILE_NAME, USER_FILE_PROFILE_SOURCE, USER_FILE_PROFILE_UUID,
    		BOARD_ID, USER_ID
            FROM (
                SELECT B.BOARD_CREATED_DATE,
                       B.BOARD_LIFE_CYCLE,
                       B.USER_ID,
                       B.BOARD_ID,
                       B.BOARD_TITLE,
                       COALESCE(U.USER_NICKNAME, K.KAKAO_NICKNAME) NICKNAME,
                       F.USER_FILE_PROFILE_NAME,
                       F.USER_FILE_PROFILE_SOURCE,
                       F.USER_FILE_PROFILE_UUID,
                       B.BOARD_CONTENT,
                       B.BOARD_VIEW_COUNT
                FROM GGHJ_BOARD B
                JOIN GGHJ_UNI UNI ON B.USER_ID = UNI.UNI_ID
                LEFT JOIN GGHJ_USER U ON UNI.USER_ID = U.USER_ID
                LEFT JOIN GGHJ_KAKAO K ON UNI.KAKAO_ID = K.KAKAO_ID
                LEFT JOIN GGHJ_USER_FILE F ON U.USER_ID = F.USER_ID
                WHERE B.BOARD_LIFE_CYCLE = #{boardLifeCycle}  -- 필터링 조건 추가
                ORDER BY B.BOARD_CREATED_DATE DESC
            )
        )
        WHERE ROWNUM <= 20
    )
    WHERE RNUM > 10, Error Message = ORA-00911: invalid character

	at oracle.jdbc.driver.T4CTTIoer11.processError(T4CTTIoer11.java:710)
	... 28 more
2024-06-01 17:33:43.081 - SQL Error [911] [22019]: ORA-00911: invalid character


Error position: line: 270 pos: 1354
org.jkiss.dbeaver.model.sql.DBSQLException: SQL Error [911] [22019]: ORA-00911: invalid character

	at org.jkiss.dbeaver.model.impl.jdbc.exec.JDBCStatementImpl.executeStatement(JDBCStatementImpl.java:133)
	at org.jkiss.dbeaver.ui.editors.sql.execute.SQLQueryJob.executeStatement(SQLQueryJob.java:614)
	at org.jkiss.dbeaver.ui.editors.sql.execute.SQLQueryJob.lambda$2(SQLQueryJob.java:505)
	at org.jkiss.dbeaver.model.exec.DBExecUtils.tryExecuteRecover(DBExecUtils.java:191)
	at org.jkiss.dbeaver.ui.editors.sql.execute.SQLQueryJob.executeSingleQuery(SQLQueryJob.java:524)
	at org.jkiss.dbeaver.ui.editors.sql.execute.SQLQueryJob.extractData(SQLQueryJob.java:976)
	at org.jkiss.dbeaver.ui.editors.sql.SQLEditor$QueryResultsContainer.readData(SQLEditor.java:4133)
	at org.jkiss.dbeaver.ui.controls.resultset.ResultSetJobDataRead.lambda$0(ResultSetJobDataRead.java:123)
	at org.jkiss.dbeaver.model.exec.DBExecUtils.tryExecuteRecover(DBExecUtils.java:191)
	at org.jkiss.dbeaver.ui.controls.resultset.ResultSetJobDataRead.run(ResultSetJobDataRead.java:121)
	at org.jkiss.dbeaver.ui.controls.resultset.ResultSetViewer$ResultSetDataPumpJob.run(ResultSetViewer.java:5148)
	at org.jkiss.dbeaver.model.runtime.AbstractJob.run(AbstractJob.java:114)
	at org.eclipse.core.internal.jobs.Worker.run(Worker.java:63)
Caused by: java.sql.SQLSyntaxErrorException: ORA-00911: invalid character

	at oracle.jdbc.driver.T4CTTIoer11.processError(T4CTTIoer11.java:702)
	at oracle.jdbc.driver.T4CTTIoer11.processError(T4CTTIoer11.java:608)
	at oracle.jdbc.driver.T4C8Oall.processError(T4C8Oall.java:1335)
	at oracle.jdbc.driver.T4CTTIfun.receive(T4CTTIfun.java:1041)
	at oracle.jdbc.driver.T4CTTIfun.doRPC(T4CTTIfun.java:443)
	at oracle.jdbc.driver.T4C8Oall.doOALL(T4C8Oall.java:533)
	at oracle.jdbc.driver.T4CStatement.doOall8(T4CStatement.java:176)
	at oracle.jdbc.driver.T4CStatement.executeForDescribe(T4CStatement.java:1050)
	at oracle.jdbc.driver.OracleStatement.prepareDefineBufferAndExecute(OracleStatement.java:1318)
	at oracle.jdbc.driver.OracleStatement.executeMaybeDescribe(OracleStatement.java:1197)
	at oracle.jdbc.driver.OracleStatement.executeSQLSelect(OracleStatement.java:1721)
	at oracle.jdbc.driver.OracleStatement.doExecuteWithTimeout(OracleStatement.java:1518)
	at oracle.jdbc.driver.OracleStatement.executeInternal(OracleStatement.java:2557)
	at oracle.jdbc.driver.OracleStatement.execute(OracleStatement.java:2506)
	at oracle.jdbc.driver.OracleStatementWrapper.execute(OracleStatementWrapper.java:334)
	at org.jkiss.dbeaver.model.impl.jdbc.exec.JDBCStatementImpl.execute(JDBCStatementImpl.java:330)
	at org.jkiss.dbeaver.model.impl.jdbc.exec.JDBCStatementImpl.executeStatement(JDBCStatementImpl.java:131)
	... 12 more
Caused by: Error : 911, Position : 1354, SQL = SELECT BOARD_TITLE, BOARD_CREATED_DATE, BOARD_VIEW_COUNT, BOARD_CONTENT,
       NICKNAME, USER_FILE_PROFILE_NAME, USER_FILE_PROFILE_SOURCE, USER_FILE_PROFILE_UUID,
       BOARD_ID, USER_ID
FROM (
    SELECT RNUM, BOARD_TITLE, BOARD_CREATED_DATE, BOARD_VIEW_COUNT, BOARD_CONTENT,
           NICKNAME, USER_FILE_PROFILE_NAME, USER_FILE_PROFILE_SOURCE, USER_FILE_PROFILE_UUID,
           BOARD_ID, USER_ID
    FROM (
        SELECT ROWNUM AS RNUM, BOARD_TITLE, BOARD_CREATED_DATE, BOARD_VIEW_COUNT, BOARD_CONTENT,
               NICKNAME, USER_FILE_PROFILE_NAME, USER_FILE_PROFILE_SOURCE, USER_FILE_PROFILE_UUID,
               BOARD_ID, USER_ID
        FROM (
            SELECT BOARD_TITLE, BOARD_CREATED_DATE, BOARD_VIEW_COUNT, BOARD_CONTENT,
                   COALESCE(U.USER_NICKNAME, K.KAKAO_NICKNAME) AS NICKNAME,
                   F.USER_FILE_PROFILE_NAME,
                   F.USER_FILE_PROFILE_SOURCE,
                   F.USER_FILE_PROFILE_UUID,
                   B.BOARD_ID,
                   B.USER_ID
            FROM GGHJ_BOARD B
            JOIN GGHJ_UNI UNI ON B.USER_ID = UNI.UNI_ID
            LEFT JOIN GGHJ_USER U ON UNI.USER_ID = U.USER_ID
            LEFT JOIN GGHJ_KAKAO K ON UNI.KAKAO_ID = K.KAKAO_ID
            LEFT JOIN GGHJ_USER_FILE F ON U.USER_ID = F.USER_ID
            WHERE B.BOARD_LIFE_CYCLE = #{boardLifeCycle}
        )
        WHERE ROWNUM <= 20
    )
    WHERE RNUM > 10;
), Original SQL = SELECT BOARD_TITLE, BOARD_CREATED_DATE, BOARD_VIEW_COUNT, BOARD_CONTENT,
       NICKNAME, USER_FILE_PROFILE_NAME, USER_FILE_PROFILE_SOURCE, USER_FILE_PROFILE_UUID,
       BOARD_ID, USER_ID
FROM (
    SELECT RNUM, BOARD_TITLE, BOARD_CREATED_DATE, BOARD_VIEW_COUNT, BOARD_CONTENT,
           NICKNAME, USER_FILE_PROFILE_NAME, USER_FILE_PROFILE_SOURCE, USER_FILE_PROFILE_UUID,
           BOARD_ID, USER_ID
    FROM (
        SELECT ROWNUM AS RNUM, BOARD_TITLE, BOARD_CREATED_DATE, BOARD_VIEW_COUNT, BOARD_CONTENT,
               NICKNAME, USER_FILE_PROFILE_NAME, USER_FILE_PROFILE_SOURCE, USER_FILE_PROFILE_UUID,
               BOARD_ID, USER_ID
        FROM (
            SELECT BOARD_TITLE, BOARD_CREATED_DATE, BOARD_VIEW_COUNT, BOARD_CONTENT,
                   COALESCE(U.USER_NICKNAME, K.KAKAO_NICKNAME) AS NICKNAME,
                   F.USER_FILE_PROFILE_NAME,
                   F.USER_FILE_PROFILE_SOURCE,
                   F.USER_FILE_PROFILE_UUID,
                   B.BOARD_ID,
                   B.USER_ID
            FROM GGHJ_BOARD B
            JOIN GGHJ_UNI UNI ON B.USER_ID = UNI.UNI_ID
            LEFT JOIN GGHJ_USER U ON UNI.USER_ID = U.USER_ID
            LEFT JOIN GGHJ_KAKAO K ON UNI.KAKAO_ID = K.KAKAO_ID
            LEFT JOIN GGHJ_USER_FILE F ON U.USER_ID = F.USER_ID
            WHERE B.BOARD_LIFE_CYCLE = #{boardLifeCycle}
        )
        WHERE ROWNUM <= 20
    )
    WHERE RNUM > 10;
), Error Message = ORA-00911: invalid character

	at oracle.jdbc.driver.T4CTTIoer11.processError(T4CTTIoer11.java:710)
	... 28 more
2024-06-01 17:34:18.598 - SQL Error [911] [22019]: ORA-00911: invalid character

org.jkiss.dbeaver.model.sql.DBSQLException: SQL Error [911] [22019]: ORA-00911: invalid character

	at org.jkiss.dbeaver.model.impl.jdbc.exec.JDBCStatementImpl.executeStatement(JDBCStatementImpl.java:133)
	at org.jkiss.dbeaver.ui.editors.sql.execute.SQLQueryJob.executeStatement(SQLQueryJob.java:614)
	at org.jkiss.dbeaver.ui.editors.sql.execute.SQLQueryJob.lambda$2(SQLQueryJob.java:505)
	at org.jkiss.dbeaver.model.exec.DBExecUtils.tryExecuteRecover(DBExecUtils.java:191)
	at org.jkiss.dbeaver.ui.editors.sql.execute.SQLQueryJob.executeSingleQuery(SQLQueryJob.java:524)
	at org.jkiss.dbeaver.ui.editors.sql.execute.SQLQueryJob.extractData(SQLQueryJob.java:976)
	at org.jkiss.dbeaver.ui.editors.sql.SQLEditor$QueryResultsContainer.readData(SQLEditor.java:4133)
	at org.jkiss.dbeaver.ui.controls.resultset.ResultSetJobDataRead.lambda$0(ResultSetJobDataRead.java:123)
	at org.jkiss.dbeaver.model.exec.DBExecUtils.tryExecuteRecover(DBExecUtils.java:191)
	at org.jkiss.dbeaver.ui.controls.resultset.ResultSetJobDataRead.run(ResultSetJobDataRead.java:121)
	at org.jkiss.dbeaver.ui.controls.resultset.ResultSetViewer$ResultSetDataPumpJob.run(ResultSetViewer.java:5148)
	at org.jkiss.dbeaver.model.runtime.AbstractJob.run(AbstractJob.java:114)
	at org.eclipse.core.internal.jobs.Worker.run(Worker.java:63)
Caused by: java.sql.SQLSyntaxErrorException: ORA-00911: invalid character

	at oracle.jdbc.driver.T4CTTIoer11.processError(T4CTTIoer11.java:702)
	at oracle.jdbc.driver.T4CTTIoer11.processError(T4CTTIoer11.java:608)
	at oracle.jdbc.driver.T4C8Oall.processError(T4C8Oall.java:1335)
	at oracle.jdbc.driver.T4CTTIfun.receive(T4CTTIfun.java:1041)
	at oracle.jdbc.driver.T4CTTIfun.doRPC(T4CTTIfun.java:443)
	at oracle.jdbc.driver.T4C8Oall.doOALL(T4C8Oall.java:533)
	at oracle.jdbc.driver.T4CStatement.doOall8(T4CStatement.java:176)
	at oracle.jdbc.driver.T4CStatement.executeForDescribe(T4CStatement.java:1050)
	at oracle.jdbc.driver.OracleStatement.prepareDefineBufferAndExecute(OracleStatement.java:1318)
	at oracle.jdbc.driver.OracleStatement.executeMaybeDescribe(OracleStatement.java:1197)
	at oracle.jdbc.driver.OracleStatement.executeSQLSelect(OracleStatement.java:1721)
	at oracle.jdbc.driver.OracleStatement.doExecuteWithTimeout(OracleStatement.java:1518)
	at oracle.jdbc.driver.OracleStatement.executeInternal(OracleStatement.java:2557)
	at oracle.jdbc.driver.OracleStatement.execute(OracleStatement.java:2506)
	at oracle.jdbc.driver.OracleStatementWrapper.execute(OracleStatementWrapper.java:334)
	at org.jkiss.dbeaver.model.impl.jdbc.exec.JDBCStatementImpl.execute(JDBCStatementImpl.java:330)
	at org.jkiss.dbeaver.model.impl.jdbc.exec.JDBCStatementImpl.executeStatement(JDBCStatementImpl.java:131)
	... 12 more
Caused by: Error : 911, Position : 1435, SQL = SELECT BOARD_TITLE, BOARD_CREATED_DATE, BOARD_VIEW_COUNT, BOARD_CONTENT,
       NICKNAME, USER_FILE_PROFILE_NAME, USER_FILE_PROFILE_SOURCE, USER_FILE_PROFILE_UUID,
       BOARD_ID, USER_ID
FROM (
    SELECT RNUM, BOARD_TITLE, BOARD_CREATED_DATE, BOARD_VIEW_COUNT, BOARD_CONTENT,
           NICKNAME, USER_FILE_PROFILE_NAME, USER_FILE_PROFILE_SOURCE, USER_FILE_PROFILE_UUID,
           BOARD_ID, USER_ID
    FROM (
        SELECT ROWNUM AS RNUM, BOARD_TITLE, BOARD_CREATED_DATE, BOARD_VIEW_COUNT, BOARD_CONTENT,
               NICKNAME, USER_FILE_PROFILE_NAME, USER_FILE_PROFILE_SOURCE, USER_FILE_PROFILE_UUID,
               BOARD_ID, USER_ID
        FROM (
            SELECT BOARD_TITLE, BOARD_CREATED_DATE, BOARD_VIEW_COUNT, BOARD_CONTENT,
                   COALESCE(U.USER_NICKNAME, K.KAKAO_NICKNAME) AS NICKNAME,
                   F.USER_FILE_PROFILE_NAME,
                   F.USER_FILE_PROFILE_SOURCE,
                   F.USER_FILE_PROFILE_UUID,
                   B.BOARD_ID,
                   B.USER_ID
            FROM GGHJ_BOARD B
            JOIN GGHJ_UNI UNI ON B.USER_ID = UNI.UNI_ID
            LEFT JOIN GGHJ_USER U ON UNI.USER_ID = U.USER_ID
            LEFT JOIN GGHJ_KAKAO K ON UNI.KAKAO_ID = K.KAKAO_ID
            LEFT JOIN GGHJ_USER_FILE F ON U.USER_ID = F.USER_ID
            WHERE B.BOARD_LIFE_CYCLE = '청소년기'
        )
        WHERE ROWNUM <= 20
    )
    WHERE RNUM > 10;
), Original SQL = SELECT BOARD_TITLE, BOARD_CREATED_DATE, BOARD_VIEW_COUNT, BOARD_CONTENT,
       NICKNAME, USER_FILE_PROFILE_NAME, USER_FILE_PROFILE_SOURCE, USER_FILE_PROFILE_UUID,
       BOARD_ID, USER_ID
FROM (
    SELECT RNUM, BOARD_TITLE, BOARD_CREATED_DATE, BOARD_VIEW_COUNT, BOARD_CONTENT,
           NICKNAME, USER_FILE_PROFILE_NAME, USER_FILE_PROFILE_SOURCE, USER_FILE_PROFILE_UUID,
           BOARD_ID, USER_ID
    FROM (
        SELECT ROWNUM AS RNUM, BOARD_TITLE, BOARD_CREATED_DATE, BOARD_VIEW_COUNT, BOARD_CONTENT,
               NICKNAME, USER_FILE_PROFILE_NAME, USER_FILE_PROFILE_SOURCE, USER_FILE_PROFILE_UUID,
               BOARD_ID, USER_ID
        FROM (
            SELECT BOARD_TITLE, BOARD_CREATED_DATE, BOARD_VIEW_COUNT, BOARD_CONTENT,
                   COALESCE(U.USER_NICKNAME, K.KAKAO_NICKNAME) AS NICKNAME,
                   F.USER_FILE_PROFILE_NAME,
                   F.USER_FILE_PROFILE_SOURCE,
                   F.USER_FILE_PROFILE_UUID,
                   B.BOARD_ID,
                   B.USER_ID
            FROM GGHJ_BOARD B
            JOIN GGHJ_UNI UNI ON B.USER_ID = UNI.UNI_ID
            LEFT JOIN GGHJ_USER U ON UNI.USER_ID = U.USER_ID
            LEFT JOIN GGHJ_KAKAO K ON UNI.KAKAO_ID = K.KAKAO_ID
            LEFT JOIN GGHJ_USER_FILE F ON U.USER_ID = F.USER_ID
            WHERE B.BOARD_LIFE_CYCLE = '청소년기'
        )
        WHERE ROWNUM <= 20
    )
    WHERE RNUM > 10;
), Error Message = ORA-00911: invalid character

	at oracle.jdbc.driver.T4CTTIoer11.processError(T4CTTIoer11.java:710)
	... 28 more
2024-06-01 17:34:18.806 - Error positioning on query error
org.eclipse.core.runtime.AssertionFailedException: assertion failed: 
	at org.eclipse.core.runtime.Assert.isTrue(Assert.java:119)
	at org.eclipse.core.runtime.Assert.isTrue(Assert.java:104)
	at org.eclipse.jface.text.Position.<init>(Position.java:66)
	at org.jkiss.dbeaver.ui.editors.sql.SQLEditorBase.visualizeQueryErrors(SQLEditorBase.java:990)
	at org.jkiss.dbeaver.ui.editors.sql.SQLEditor$SQLEditorQueryListener.processQueryResult(SQLEditor.java:4794)
	at org.jkiss.dbeaver.ui.editors.sql.SQLEditor$SQLEditorQueryListener.lambda$4(SQLEditor.java:4768)
	at org.jkiss.dbeaver.ui.UIUtils$9.runInUIThread(UIUtils.java:1828)
	at org.jkiss.dbeaver.ui.AbstractUIJob.runInUIThread(AbstractUIJob.java:41)
	at org.eclipse.ui.progress.UIJob.lambda$0(UIJob.java:148)
	at org.eclipse.swt.widgets.RunnableLock.run(RunnableLock.java:40)
	at org.eclipse.swt.widgets.Synchronizer.runAsyncMessages(Synchronizer.java:132)
	at org.eclipse.swt.widgets.Display.runAsyncMessages(Display.java:4046)
	at org.eclipse.swt.widgets.Display.readAndDispatch(Display.java:3662)
	at org.eclipse.e4.ui.internal.workbench.swt.PartRenderingEngine$5.run(PartRenderingEngine.java:1155)
	at org.eclipse.core.databinding.observable.Realm.runWithDefault(Realm.java:342)
	at org.eclipse.e4.ui.internal.workbench.swt.PartRenderingEngine.run(PartRenderingEngine.java:1046)
	at org.eclipse.e4.ui.internal.workbench.E4Workbench.createAndRunUI(E4Workbench.java:155)
	at org.eclipse.ui.internal.Workbench.lambda$3(Workbench.java:648)
	at org.eclipse.core.databinding.observable.Realm.runWithDefault(Realm.java:342)
	at org.eclipse.ui.internal.Workbench.createAndRunWorkbench(Workbench.java:555)
	at org.eclipse.ui.PlatformUI.createAndRunWorkbench(PlatformUI.java:173)
	at org.jkiss.dbeaver.ui.app.standalone.DBeaverApplication.start(DBeaverApplication.java:296)
	at org.eclipse.equinox.internal.app.EclipseAppHandle.run(EclipseAppHandle.java:208)
	at org.eclipse.core.runtime.internal.adaptor.EclipseAppLauncher.runApplication(EclipseAppLauncher.java:136)
	at org.eclipse.core.runtime.internal.adaptor.EclipseAppLauncher.start(EclipseAppLauncher.java:104)
	at org.eclipse.core.runtime.adaptor.EclipseStarter.run(EclipseStarter.java:402)
	at org.eclipse.core.runtime.adaptor.EclipseStarter.run(EclipseStarter.java:255)
	at java.base/jdk.internal.reflect.NativeMethodAccessorImpl.invoke0(Native Method)
	at java.base/jdk.internal.reflect.NativeMethodAccessorImpl.invoke(Unknown Source)
	at java.base/jdk.internal.reflect.DelegatingMethodAccessorImpl.invoke(Unknown Source)
	at java.base/java.lang.reflect.Method.invoke(Unknown Source)
	at org.jkiss.dbeaver.launcher.DBeaverLauncher.invokeFramework(DBeaverLauncher.java:641)
	at org.jkiss.dbeaver.launcher.DBeaverLauncher.basicRun(DBeaverLauncher.java:601)
	at org.jkiss.dbeaver.launcher.DBeaverLauncher.run(DBeaverLauncher.java:1458)
2024-06-01 19:09:57.820 - System suspend detected! Reinitialize all remote connections.
2024-06-01 21:46:21.111 - Resource 'meta.org.jkiss.dbeaver.model.navigator.DBNResource.nodeDisplayName.name' not found in bundle org.jkiss.dbeaver.model
2024-06-01 21:46:27.805 - Resource 'meta.org.jkiss.dbeaver.model.navigator.DBNResource.nodeDisplayName.name' not found in bundle org.jkiss.dbeaver.model
2024-06-01 21:46:27.975 - Resource 'meta.org.jkiss.dbeaver.model.navigator.DBNResource.nodeDisplayName.name' not found in bundle org.jkiss.dbeaver.model
2024-06-01 22:58:49.869 - Execution context closed (locallhost, 2)
2024-06-01 22:58:50.091 - Execution context closed (locallhost, 3)
2024-06-01 22:58:50.591 - DBeaver is stopping
2024-06-01 22:58:50.593 - Stop instance server
2024-06-01 22:58:51.601 - Instance server has been stopped
2024-06-01 22:58:51.601 - DBeaver shutdown completed
