2024-05-23 17:03:40.975 - DBeaver 24.0.1.202403241413 is starting
2024-05-23 17:03:40.977 - OS: Windows 11 10.0 (amd64)
2024-05-23 17:03:40.978 - Java version: 17.0.6 by Eclipse Adoptium (64bit)
2024-05-23 17:03:40.978 - Install path: 'C:\homework_sas\web_dbms\dbeaver'
2024-05-23 17:03:40.979 - Instance path: 'file:/C:/homework_sas/web/TimeNotionBack/'
2024-05-23 17:03:40.983 - Memory available 64Mb/1024Mb
2024-05-23 17:03:41.005 - Create display
2024-05-23 17:03:41.328 - Initialize desktop platform...
2024-05-23 17:03:41.761 - BounceCastle bundle found. Use JCE provider BC
> Start Core File Systems [org.eclipse.core.filesystem 1.10.200.v20231102-0934]
> Start Core Resource Management [org.eclipse.core.resources 3.20.0.v20231102-0934]
> Start 팀 지원 핵심 [org.eclipse.team.core 3.10.200.v20231106-1240]
> Start DBeaver UI Navigator [org.jkiss.dbeaver.ui.navigator 1.0.127.202403241413]
2024-05-23 17:03:42.832 - Initialize base platform...
2024-05-23 17:03:42.888 - Platform initialized (1560ms)
> Start DBeaver UI Editors - Base [org.jkiss.dbeaver.ui.editors.base 1.0.127.202403241413]
2024-05-23 17:03:43.051 - Starting instance server at http://localhost:49842
2024-05-23 17:03:43.070 - Run workbench
> Start Eclipse e4 작업영역 SWT [org.eclipse.e4.ui.workbench.swt 0.17.200.v20231030-2045]
> Start Eclipse Application Services [org.eclipse.e4.core.services 2.4.200.v20231103-2012]
> Start Eclipse UI Application Services [org.eclipse.e4.ui.services 1.6.200.v20231030-2045]
> Start Eclipse e4 Progress View [org.eclipse.e4.ui.progress 0.4.200.v20231030-2045]
> Start Eclipse Bindings Support [org.eclipse.e4.ui.bindings 0.14.200.v20231030-2045]
> Start Eclipse e4 core commands [org.eclipse.e4.core.commands 1.1.200.v20231108-1058]
> Start EMF XML/XMI Persistence [org.eclipse.emf.ecore.xmi 2.36.0.v20231002-1156]
> Start Eclipse CSS SWT Theme Support [org.eclipse.e4.ui.css.swt.theme 0.14.200.v20230913-1724]
> Start Eclipse e4 작업영역 기능 추가 [org.eclipse.e4.ui.workbench.addons.swt 1.5.200.v20231106-1600]
> Start Eclipse e4 작업영역 SWT 렌더러 [org.eclipse.e4.ui.workbench.renderers.swt 0.16.200.v20231030-2045]
> Start Eclipse Dependency Injection Extensions [org.eclipse.e4.core.di.extensions 0.18.100.v20231103-2012]
> Start Eclipse CSS SWT Support [org.eclipse.e4.ui.css.swt 0.15.200.v20231025-0632]
2024-05-23 17:03:47.033 - Configure workbench window
> Start DBeaver SQL Model [org.jkiss.dbeaver.model.sql 1.0.117.202403241413]
2024-05-23 17:03:47.422 - Total database drivers: 112 (112)
> Start 도움말 시스템 코어 [org.eclipse.help 3.10.200.v20231106-1240]
2024-05-23 17:03:47.674 - Create actions
2024-05-23 17:03:47.693 - Disable Eclipse action set 'org.eclipse.ui.edit.text.actionSet.annotationNavigation'
2024-05-23 17:03:47.695 - Disable Eclipse action set 'org.eclipse.ui.WorkingSetActionSet'
2024-05-23 17:03:47.697 - Disable Eclipse action set 'org.eclipse.ui.actionSet.openFiles'
> Start jna [com.sun.jna 5.13.0.v20230812-1000]
2024-05-23 17:03:49.952 - Initialize workbench window
2024-05-23 17:03:49.968 - Finish initialization
> Start 기본 문서 편집기 [org.eclipse.ui.editors 3.17.100.v20231106-1600]
> Start 텍스트 편집기 프레임워크 [org.eclipse.ui.workbench.texteditor 3.17.200.v20231106-1600]
> Start DBeaver UI Editors - Data [org.jkiss.dbeaver.ui.editors.data 1.0.127.202403241413]
Warning: NLS unused message: actions_navigator__objects in: org.jkiss.dbeaver.ui.editors.sql.internal.SQLEditorMessages
> Start DBeaver UI Editors - SQL [org.jkiss.dbeaver.ui.editors.sql 1.0.127.202403241413]
> Start DBeaver SQL Terminal [org.jkiss.dbeaver.ui.editors.sql.terminal 1.0.103.202403241413]
> Start 핵심 비교 지원 [org.eclipse.compare.core 3.8.300.v20231106-1240]
> Start 인터넷 연결 관리 사용자 인터페이스 [org.eclipse.ui.net 1.5.200.v20231106-1240]
> Start Internet Connection Management [org.eclipse.core.net 1.5.200.v20231106-1240]
> Start DBeaver Sample Database [org.jkiss.dbeaver.ext.sample.database 1.0.164.202403241413]
> Start DBeaver Tip of the day [org.jkiss.dbeaver.ext.ui.tipoftheday 1.0.133.202403241413]
> Start GEF Classic Draw2d [org.eclipse.draw2d 3.14.100.202311222042]
> Start GEF Classic GEF (MVC) [org.eclipse.gef 3.16.0.202311222042]
> Start DBeaver ERD UI [org.jkiss.dbeaver.erd.ui 3.0.87.202403241413]
> Start DBeaver ERD Model [org.jkiss.dbeaver.erd.model 1.0.87.202403241413]
> Start DBeaver UI Editors - Connections [org.jkiss.dbeaver.ui.editors.connection 1.0.118.202403241413]
> Start 콘솔 [org.eclipse.ui.console 3.13.100.v20230914-0751]
> Start 디버그 핵심 [org.eclipse.debug.core 3.21.200.v20231021-1513]
2024-05-23 17:03:55.966 - Connect with 'locallhost' (oracle_thin-18fa469b47d-54c7474df90315f4)
> Start DBeaver JDBC Model [org.jkiss.dbeaver.model.jdbc 1.0.20.202403241413]
> Start DBeaver Oracle Model [org.jkiss.dbeaver.ext.oracle 2.1.212.202403241413]
> Start DBeaver SQL Language Semantic Model [org.jkiss.dbeaver.model.lsm 1.0.22.202403241413]
2024-05-23 17:03:56.079 - Execution context opened (locallhost; Main; 0)
2024-05-23 17:03:57.387 - Execution context opened (locallhost; Metadata; 1)
2024-05-23 17:03:57.887 - Connected (oracle_thin-18fa469b47d-54c7474df90315f4, Oracle JDBC driver [11.2.0.2.0])
2024-05-23 17:03:57.896 - Execution context opened (locallhost; SQLEditor <Script.sql>; 2)
> Start DBeaver Tasks - Native Tools UI [org.jkiss.dbeaver.tasks.native.ui 1.0.105.202403241413]
> Start DBeaver Oracle UI [org.jkiss.dbeaver.ext.oracle.ui 1.0.114.202403241413]
> Start DBeaver Tasks - General UI [org.jkiss.dbeaver.tasks.ui 1.0.105.202403241413]
> Start DBeaver Data Transfer [org.jkiss.dbeaver.data.transfer 2.0.111.202403241413]
> Start ICU4J Base [com.ibm.icu.base 58.2.0.v20170418-1837]
2024-05-23 20:27:34.964 - Can't get column 'EXTERNAL_NAME': 부적합한 열 이름
2024-05-23 20:27:34.965 - Can't get column 'ACCOUNT_STATUS': 부적합한 열 이름
2024-05-23 20:27:34.965 - Can't get column 'LOCK_DATE': 부적합한 열 이름
2024-05-23 20:27:34.965 - Can't get column 'EXPIRY_DATE': 부적합한 열 이름
2024-05-23 20:27:34.965 - Can't get column 'DEFAULT_TABLESPACE': 부적합한 열 이름
2024-05-23 20:27:34.966 - Can't get column 'TEMPORARY_TABLESPACE': 부적합한 열 이름
2024-05-23 20:27:34.966 - Can't get column 'PROFILE': 부적합한 열 이름
2024-05-23 20:27:34.966 - Can't get column 'INITIAL_RSRC_CONSUMER_GROUP': 부적합한 열 이름
2024-05-24 01:04:39.940 - System suspend detected! Reinitialize all remote connections.
2024-05-24 13:56:51.500 - System suspend detected! Reinitialize all remote connections.
2024-05-24 13:56:52.227 - Execution context closed (locallhost, 0)
2024-05-24 13:56:52.317 - Execution context closed (locallhost, 1)
2024-05-24 13:56:52.362 - Execution context closed (locallhost, 2)
2024-05-24 13:56:52.367 - Disconnected (oracle_thin-18fa469b47d-54c7474df90315f4)
2024-05-24 13:57:20.712 - DBeaver is stopping
2024-05-24 13:57:20.715 - Stop instance server
2024-05-24 13:57:21.726 - DBeaver shutdown completed
