2024-05-29 18:09:32.785 - DBeaver 24.0.1.202403241413 is starting
2024-05-29 18:09:32.787 - OS: Windows 11 10.0 (amd64)
2024-05-29 18:09:32.787 - Java version: 17.0.6 by Eclipse Adoptium (64bit)
2024-05-29 18:09:32.787 - Install path: 'C:\homework_sas\web_dbms\dbeaver'
2024-05-29 18:09:32.788 - Instance path: 'file:/C:/homework_sas/web/TimeNotionBack/'
2024-05-29 18:09:32.789 - Memory available 64Mb/1024Mb
2024-05-29 18:09:32.801 - Create display
2024-05-29 18:09:33.071 - Initialize desktop platform...
2024-05-29 18:09:33.482 - BounceCastle bundle found. Use JCE provider BC
> Start Core File Systems [org.eclipse.core.filesystem 1.10.200.v20231102-0934]
> Start Core Resource Management [org.eclipse.core.resources 3.20.0.v20231102-0934]
> Start 팀 지원 핵심 [org.eclipse.team.core 3.10.200.v20231106-1240]
> Start DBeaver UI Navigator [org.jkiss.dbeaver.ui.navigator 1.0.127.202403241413]
2024-05-29 18:09:34.065 - Initialize base platform...
2024-05-29 18:09:34.092 - Platform initialized (1021ms)
> Start DBeaver UI Editors - Base [org.jkiss.dbeaver.ui.editors.base 1.0.127.202403241413]
2024-05-29 18:09:34.352 - Error accessing instance server: java.net.ConnectException
2024-05-29 18:09:34.391 - Starting instance server at http://localhost:62242
2024-05-29 18:09:34.403 - Run workbench
> Start Eclipse e4 작업영역 SWT [org.eclipse.e4.ui.workbench.swt 0.17.200.v20231030-2045]
> Start Eclipse Application Services [org.eclipse.e4.core.services 2.4.200.v20231103-2012]
> Start Eclipse UI Application Services [org.eclipse.e4.ui.services 1.6.200.v20231030-2045]
> Start Eclipse e4 Progress View [org.eclipse.e4.ui.progress 0.4.200.v20231030-2045]
> Start Eclipse Bindings Support [org.eclipse.e4.ui.bindings 0.14.200.v20231030-2045]
> Start Eclipse e4 core commands [org.eclipse.e4.core.commands 1.1.200.v20231108-1058]
> Start EMF XML/XMI Persistence [org.eclipse.emf.ecore.xmi 2.36.0.v20231002-1156]
> Start Eclipse CSS SWT Theme Support [org.eclipse.e4.ui.css.swt.theme 0.14.200.v20230913-1724]
> Start Eclipse e4 작업영역 기능 추가 [org.eclipse.e4.ui.workbench.addons.swt 1.5.200.v20231106-1600]
> Start Eclipse e4 작업영역 SWT 렌더러 [org.eclipse.e4.ui.workbench.renderers.swt 0.16.200.v20231030-2045]
> Start Eclipse Dependency Injection Extensions [org.eclipse.e4.core.di.extensions 0.18.100.v20231103-2012]
> Start Eclipse CSS SWT Support [org.eclipse.e4.ui.css.swt 0.15.200.v20231025-0632]
2024-05-29 18:09:36.622 - Configure workbench window
> Start DBeaver SQL Model [org.jkiss.dbeaver.model.sql 1.0.117.202403241413]
2024-05-29 18:09:36.795 - Total database drivers: 112 (112)
> Start 도움말 시스템 코어 [org.eclipse.help 3.10.200.v20231106-1240]
2024-05-29 18:09:36.925 - Create actions
2024-05-29 18:09:36.937 - Disable Eclipse action set 'org.eclipse.ui.edit.text.actionSet.annotationNavigation'
2024-05-29 18:09:36.938 - Disable Eclipse action set 'org.eclipse.ui.WorkingSetActionSet'
2024-05-29 18:09:36.938 - Disable Eclipse action set 'org.eclipse.ui.actionSet.openFiles'
> Start jna [com.sun.jna 5.13.0.v20230812-1000]
2024-05-29 18:09:38.452 - Initialize workbench window
2024-05-29 18:09:38.459 - Finish initialization
> Start 기본 문서 편집기 [org.eclipse.ui.editors 3.17.100.v20231106-1600]
> Start 텍스트 편집기 프레임워크 [org.eclipse.ui.workbench.texteditor 3.17.200.v20231106-1600]
> Start DBeaver UI Editors - Data [org.jkiss.dbeaver.ui.editors.data 1.0.127.202403241413]
Warning: NLS unused message: actions_navigator__objects in: org.jkiss.dbeaver.ui.editors.sql.internal.SQLEditorMessages
> Start DBeaver UI Editors - SQL [org.jkiss.dbeaver.ui.editors.sql 1.0.127.202403241413]
> Start DBeaver SQL Terminal [org.jkiss.dbeaver.ui.editors.sql.terminal 1.0.103.202403241413]
> Start 핵심 비교 지원 [org.eclipse.compare.core 3.8.300.v20231106-1240]
> Start 인터넷 연결 관리 사용자 인터페이스 [org.eclipse.ui.net 1.5.200.v20231106-1240]
> Start Internet Connection Management [org.eclipse.core.net 1.5.200.v20231106-1240]
> Start DBeaver Sample Database [org.jkiss.dbeaver.ext.sample.database 1.0.164.202403241413]
> Start DBeaver Tip of the day [org.jkiss.dbeaver.ext.ui.tipoftheday 1.0.133.202403241413]
> Start GEF Classic Draw2d [org.eclipse.draw2d 3.14.100.202311222042]
> Start GEF Classic GEF (MVC) [org.eclipse.gef 3.16.0.202311222042]
> Start DBeaver ERD UI [org.jkiss.dbeaver.erd.ui 3.0.87.202403241413]
> Start DBeaver ERD Model [org.jkiss.dbeaver.erd.model 1.0.87.202403241413]
> Start DBeaver JDBC Model [org.jkiss.dbeaver.model.jdbc 1.0.20.202403241413]
> Start DBeaver Oracle Model [org.jkiss.dbeaver.ext.oracle 2.1.212.202403241413]
> Start DBeaver UI Editors - Connections [org.jkiss.dbeaver.ui.editors.connection 1.0.118.202403241413]
[Fatal Error] :35:2: 요소 콘텐츠는 올바른 형식의 문자 데이터 또는 마크업으로 구성되어야 합니다.
> Start 콘솔 [org.eclipse.ui.console 3.13.100.v20230914-0751]
> Start 디버그 핵심 [org.eclipse.debug.core 3.21.200.v20231021-1513]
2024-05-29 18:09:43.123 - Error loading columns configuration
org.jkiss.utils.xml.XMLException: Document parse error (line 3, pos 2)
	at org.jkiss.utils.xml.SAXReader.parse(SAXReader.java:114)
	at org.jkiss.dbeaver.ui.controls.ViewerColumnRegistry.loadConfiguration(ViewerColumnRegistry.java:114)
	at org.jkiss.dbeaver.ui.controls.ViewerColumnRegistry.<init>(ViewerColumnRegistry.java:84)
	at org.jkiss.dbeaver.ui.controls.ViewerColumnRegistry.getInstance(ViewerColumnRegistry.java:51)
	at org.jkiss.dbeaver.ui.controls.ViewerColumnController.readColumnsConfiguration(ViewerColumnController.java:542)
	at org.jkiss.dbeaver.ui.controls.ViewerColumnController.createColumns(ViewerColumnController.java:283)
	at org.jkiss.dbeaver.ui.navigator.project.ProjectExplorerView.lambda$1(ProjectExplorerView.java:291)
	at org.eclipse.swt.widgets.RunnableLock.run(RunnableLock.java:40)
	at org.eclipse.swt.widgets.Synchronizer.runAsyncMessages(Synchronizer.java:132)
	at org.eclipse.swt.widgets.Display.runAsyncMessages(Display.java:4046)
	at org.eclipse.swt.widgets.Display.readAndDispatch(Display.java:3662)
	at org.eclipse.e4.ui.internal.workbench.swt.PartRenderingEngine$5.run(PartRenderingEngine.java:1155)
	at org.eclipse.core.databinding.observable.Realm.runWithDefault(Realm.java:342)
	at org.eclipse.e4.ui.internal.workbench.swt.PartRenderingEngine.run(PartRenderingEngine.java:1046)
	at org.eclipse.e4.ui.internal.workbench.E4Workbench.createAndRunUI(E4Workbench.java:155)
	at org.eclipse.ui.internal.Workbench.lambda$3(Workbench.java:648)
	at org.eclipse.core.databinding.observable.Realm.runWithDefault(Realm.java:342)
	at org.eclipse.ui.internal.Workbench.createAndRunWorkbench(Workbench.java:555)
	at org.eclipse.ui.PlatformUI.createAndRunWorkbench(PlatformUI.java:173)
	at org.jkiss.dbeaver.ui.app.standalone.DBeaverApplication.start(DBeaverApplication.java:296)
	at org.eclipse.equinox.internal.app.EclipseAppHandle.run(EclipseAppHandle.java:208)
	at org.eclipse.core.runtime.internal.adaptor.EclipseAppLauncher.runApplication(EclipseAppLauncher.java:136)
	at org.eclipse.core.runtime.internal.adaptor.EclipseAppLauncher.start(EclipseAppLauncher.java:104)
	at org.eclipse.core.runtime.adaptor.EclipseStarter.run(EclipseStarter.java:402)
	at org.eclipse.core.runtime.adaptor.EclipseStarter.run(EclipseStarter.java:255)
	at java.base/jdk.internal.reflect.NativeMethodAccessorImpl.invoke0(Native Method)
	at java.base/jdk.internal.reflect.NativeMethodAccessorImpl.invoke(Unknown Source)
	at java.base/jdk.internal.reflect.DelegatingMethodAccessorImpl.invoke(Unknown Source)
	at java.base/java.lang.reflect.Method.invoke(Unknown Source)
	at org.jkiss.dbeaver.launcher.DBeaverLauncher.invokeFramework(DBeaverLauncher.java:641)
	at org.jkiss.dbeaver.launcher.DBeaverLauncher.basicRun(DBeaverLauncher.java:601)
	at org.jkiss.dbeaver.launcher.DBeaverLauncher.run(DBeaverLauncher.java:1458)
Caused by: org.xml.sax.SAXParseException; lineNumber: 3; columnNumber: 2; 요소 콘텐츠는 올바른 형식의 문자 데이터 또는 마크업으로 구성되어야 합니다.
	at java.xml/com.sun.org.apache.xerces.internal.parsers.AbstractSAXParser.parse(Unknown Source)
	at java.xml/com.sun.org.apache.xerces.internal.jaxp.SAXParserImpl$JAXPSAXParser.parse(Unknown Source)
	at org.jkiss.utils.xml.SAXReader.parse(SAXReader.java:112)
	... 31 more
2024-05-29 18:09:43.165 - Connect with 'locallhost' (oracle_thin-18fa469b47d-54c7474df90315f4)
> Start DBeaver SQL Language Semantic Model [org.jkiss.dbeaver.model.lsm 1.0.22.202403241413]
2024-05-29 18:09:43.224 - Execution context opened (locallhost; Main; 0)
2024-05-29 18:09:43.926 - Execution context opened (locallhost; Metadata; 1)
2024-05-29 18:09:44.041 - Connected (oracle_thin-18fa469b47d-54c7474df90315f4, Oracle JDBC driver [11.2.0.2.0])
2024-05-29 18:09:44.223 - Open [https://dbeaver.io/product/version.xml]
2024-05-29 18:09:44.324 - Execution context opened (locallhost; SQLEditor <Script.sql>; 2)
> Start DBeaver Tasks - Native Tools UI [org.jkiss.dbeaver.tasks.native.ui 1.0.105.202403241413]
> Start DBeaver Oracle UI [org.jkiss.dbeaver.ext.oracle.ui 1.0.114.202403241413]
> Start DBeaver Tasks - General UI [org.jkiss.dbeaver.tasks.ui 1.0.105.202403241413]
2024-05-29 18:09:54.246 - Auth model 'native' was replaced by 'oracle_native'
2024-05-29 18:09:54.279 - Service 'org.jkiss.dbeaver.runtime.ui.UIServiceSecurity' not found
2024-05-29 18:10:03.799 - Connect with 'jdbc:oracle:thin:@//localhost:1521/XE' (oracle_thin-18fc39d18ed-7a5dd4306fc998cc)
2024-05-29 18:10:03.801 - Execution context opened (jdbc:oracle:thin:@//localhost:1521/XE; Main; 3)
2024-05-29 18:10:03.877 - Connected (oracle_thin-18fc39d18ed-7a5dd4306fc998cc, Oracle JDBC driver [11.2.0.2.0])
2024-05-29 18:10:03.893 - Execution context closed (jdbc:oracle:thin:@//localhost:1521/XE, 3)
2024-05-29 18:10:03.894 - Disconnected (oracle_thin-18fc39d18ed-7a5dd4306fc998cc)
2024-05-29 18:10:10.959 - Connect with 'localhost' (oracle_thin-18fc39cf335-53f71815f3ac43ec)
2024-05-29 18:10:10.963 - Execution context opened (localhost; Main; 4)
2024-05-29 18:10:11.026 - Execution context opened (localhost; Metadata; 5)
2024-05-29 18:10:11.076 - Connected (oracle_thin-18fc39cf335-53f71815f3ac43ec, Oracle JDBC driver [11.2.0.2.0])
2024-05-29 18:21:21.638 - System suspend detected! Reinitialize all remote connections.
> Start ICU4J Base [com.ibm.icu.base 58.2.0.v20170418-1837]
2024-05-29 19:06:58.531 - Can't get column 'DATA_DEFAULT': 스트림이 이미 종료되었습니다
2024-05-29 19:06:58.879 - Can't get column 'COLUMN_NAMES_NUMS': 부적합한 열 이름
2024-05-29 19:07:09.476 - Event loop exception
java.lang.NullPointerException: Cannot invoke "org.jkiss.dbeaver.ui.controls.folders.ITabbedFolderContainer.switchFolder(String)" because "this.activeEditor" is null
	at org.jkiss.dbeaver.ui.editors.entity.EntityEditor.lambda$6(EntityEditor.java:665)
	at org.eclipse.swt.widgets.RunnableLock.run(RunnableLock.java:40)
	at org.eclipse.swt.widgets.Synchronizer.runAsyncMessages(Synchronizer.java:132)
	at org.eclipse.swt.widgets.Display.runAsyncMessages(Display.java:4046)
	at org.eclipse.swt.widgets.Display.readAndDispatch(Display.java:3662)
	at org.eclipse.e4.ui.internal.workbench.swt.PartRenderingEngine$5.run(PartRenderingEngine.java:1155)
	at org.eclipse.core.databinding.observable.Realm.runWithDefault(Realm.java:342)
	at org.eclipse.e4.ui.internal.workbench.swt.PartRenderingEngine.run(PartRenderingEngine.java:1046)
	at org.eclipse.e4.ui.internal.workbench.E4Workbench.createAndRunUI(E4Workbench.java:155)
	at org.eclipse.ui.internal.Workbench.lambda$3(Workbench.java:648)
	at org.eclipse.core.databinding.observable.Realm.runWithDefault(Realm.java:342)
	at org.eclipse.ui.internal.Workbench.createAndRunWorkbench(Workbench.java:555)
	at org.eclipse.ui.PlatformUI.createAndRunWorkbench(PlatformUI.java:173)
	at org.jkiss.dbeaver.ui.app.standalone.DBeaverApplication.start(DBeaverApplication.java:296)
	at org.eclipse.equinox.internal.app.EclipseAppHandle.run(EclipseAppHandle.java:208)
	at org.eclipse.core.runtime.internal.adaptor.EclipseAppLauncher.runApplication(EclipseAppLauncher.java:136)
	at org.eclipse.core.runtime.internal.adaptor.EclipseAppLauncher.start(EclipseAppLauncher.java:104)
	at org.eclipse.core.runtime.adaptor.EclipseStarter.run(EclipseStarter.java:402)
	at org.eclipse.core.runtime.adaptor.EclipseStarter.run(EclipseStarter.java:255)
	at java.base/jdk.internal.reflect.NativeMethodAccessorImpl.invoke0(Native Method)
	at java.base/jdk.internal.reflect.NativeMethodAccessorImpl.invoke(Unknown Source)
	at java.base/jdk.internal.reflect.DelegatingMethodAccessorImpl.invoke(Unknown Source)
	at java.base/java.lang.reflect.Method.invoke(Unknown Source)
	at org.jkiss.dbeaver.launcher.DBeaverLauncher.invokeFramework(DBeaverLauncher.java:641)
	at org.jkiss.dbeaver.launcher.DBeaverLauncher.basicRun(DBeaverLauncher.java:601)
	at org.jkiss.dbeaver.launcher.DBeaverLauncher.run(DBeaverLauncher.java:1458)
2024-05-29 19:07:13.077 - Event loop exception
java.lang.NullPointerException: Cannot invoke "org.jkiss.dbeaver.ui.controls.folders.ITabbedFolderContainer.switchFolder(String)" because "this.activeEditor" is null
	at org.jkiss.dbeaver.ui.editors.entity.EntityEditor.lambda$6(EntityEditor.java:665)
	at org.eclipse.swt.widgets.RunnableLock.run(RunnableLock.java:40)
	at org.eclipse.swt.widgets.Synchronizer.runAsyncMessages(Synchronizer.java:132)
	at org.eclipse.swt.widgets.Display.runAsyncMessages(Display.java:4046)
	at org.eclipse.swt.widgets.Display.readAndDispatch(Display.java:3662)
	at org.eclipse.e4.ui.internal.workbench.swt.PartRenderingEngine$5.run(PartRenderingEngine.java:1155)
	at org.eclipse.core.databinding.observable.Realm.runWithDefault(Realm.java:342)
	at org.eclipse.e4.ui.internal.workbench.swt.PartRenderingEngine.run(PartRenderingEngine.java:1046)
	at org.eclipse.e4.ui.internal.workbench.E4Workbench.createAndRunUI(E4Workbench.java:155)
	at org.eclipse.ui.internal.Workbench.lambda$3(Workbench.java:648)
	at org.eclipse.core.databinding.observable.Realm.runWithDefault(Realm.java:342)
	at org.eclipse.ui.internal.Workbench.createAndRunWorkbench(Workbench.java:555)
	at org.eclipse.ui.PlatformUI.createAndRunWorkbench(PlatformUI.java:173)
	at org.jkiss.dbeaver.ui.app.standalone.DBeaverApplication.start(DBeaverApplication.java:296)
	at org.eclipse.equinox.internal.app.EclipseAppHandle.run(EclipseAppHandle.java:208)
	at org.eclipse.core.runtime.internal.adaptor.EclipseAppLauncher.runApplication(EclipseAppLauncher.java:136)
	at org.eclipse.core.runtime.internal.adaptor.EclipseAppLauncher.start(EclipseAppLauncher.java:104)
	at org.eclipse.core.runtime.adaptor.EclipseStarter.run(EclipseStarter.java:402)
	at org.eclipse.core.runtime.adaptor.EclipseStarter.run(EclipseStarter.java:255)
	at java.base/jdk.internal.reflect.NativeMethodAccessorImpl.invoke0(Native Method)
	at java.base/jdk.internal.reflect.NativeMethodAccessorImpl.invoke(Unknown Source)
	at java.base/jdk.internal.reflect.DelegatingMethodAccessorImpl.invoke(Unknown Source)
	at java.base/java.lang.reflect.Method.invoke(Unknown Source)
	at org.jkiss.dbeaver.launcher.DBeaverLauncher.invokeFramework(DBeaverLauncher.java:641)
	at org.jkiss.dbeaver.launcher.DBeaverLauncher.basicRun(DBeaverLauncher.java:601)
	at org.jkiss.dbeaver.launcher.DBeaverLauncher.run(DBeaverLauncher.java:1458)
2024-05-29 19:07:25.958 - Auth model 'native' was replaced by 'oracle_native'
2024-05-29 19:07:25.973 - Service 'org.jkiss.dbeaver.runtime.ui.UIServiceSecurity' not found
2024-05-29 19:07:32.748 - Auth model 'native' was replaced by 'oracle_native'
2024-05-29 19:07:32.763 - Service 'org.jkiss.dbeaver.runtime.ui.UIServiceSecurity' not found
2024-05-29 19:07:41.147 - Connect with 'jdbc:oracle:thin:@//localhost:1521/XE' (oracle_thin-18fc3d1da26-308a919672849a80)
2024-05-29 19:07:41.148 - Execution context opened (jdbc:oracle:thin:@//localhost:1521/XE; Main; 6)
2024-05-29 19:07:41.231 - Connected (oracle_thin-18fc3d1da26-308a919672849a80, Oracle JDBC driver [11.2.0.2.0])
2024-05-29 19:07:41.243 - Execution context closed (jdbc:oracle:thin:@//localhost:1521/XE, 6)
2024-05-29 19:07:41.243 - Disconnected (oracle_thin-18fc3d1da26-308a919672849a80)
2024-05-29 19:07:51.655 - Auth model 'native' was replaced by 'oracle_native'
2024-05-29 19:07:51.671 - Service 'org.jkiss.dbeaver.runtime.ui.UIServiceSecurity' not found
2024-05-29 19:08:21.332 - Execution context opened (localhost; SQLEditor <Script-1.sql>; 7)
2024-05-29 19:09:27.858 - Auth model 'native' was replaced by 'oracle_native'
2024-05-29 19:09:27.877 - Service 'org.jkiss.dbeaver.runtime.ui.UIServiceSecurity' not found
2024-05-29 19:10:46.176 - Error binding callable statement parameters from metadata: 지원되지 않는 기능입니다
2024-05-29 19:10:46.177 - Error obtaining output parameters from metadata: 지원되지 않는 기능입니다
2024-05-29 19:10:46.177 - Can't obtain procedure metadata nor jdbc metadata
2024-05-29 19:10:47.330 - SQL Error [955] [42000]: ORA-00955: name is already used by an existing object


Error position: line: 39 pos: 13
org.jkiss.dbeaver.model.sql.DBSQLException: SQL Error [955] [42000]: ORA-00955: name is already used by an existing object

	at org.jkiss.dbeaver.model.impl.jdbc.exec.JDBCStatementImpl.executeStatement(JDBCStatementImpl.java:133)
	at org.jkiss.dbeaver.ui.editors.sql.execute.SQLQueryJob.executeStatement(SQLQueryJob.java:614)
	at org.jkiss.dbeaver.ui.editors.sql.execute.SQLQueryJob.lambda$2(SQLQueryJob.java:505)
	at org.jkiss.dbeaver.model.exec.DBExecUtils.tryExecuteRecover(DBExecUtils.java:191)
	at org.jkiss.dbeaver.ui.editors.sql.execute.SQLQueryJob.executeSingleQuery(SQLQueryJob.java:524)
	at org.jkiss.dbeaver.ui.editors.sql.execute.SQLQueryJob.extractData(SQLQueryJob.java:976)
	at org.jkiss.dbeaver.ui.editors.sql.SQLEditor$QueryResultsContainer.readData(SQLEditor.java:4133)
	at org.jkiss.dbeaver.ui.controls.resultset.ResultSetJobDataRead.lambda$0(ResultSetJobDataRead.java:123)
	at org.jkiss.dbeaver.model.exec.DBExecUtils.tryExecuteRecover(DBExecUtils.java:191)
	at org.jkiss.dbeaver.ui.controls.resultset.ResultSetJobDataRead.run(ResultSetJobDataRead.java:121)
	at org.jkiss.dbeaver.ui.controls.resultset.ResultSetViewer$ResultSetDataPumpJob.run(ResultSetViewer.java:5148)
	at org.jkiss.dbeaver.model.runtime.AbstractJob.run(AbstractJob.java:114)
	at org.eclipse.core.internal.jobs.Worker.run(Worker.java:63)
Caused by: java.sql.SQLSyntaxErrorException: ORA-00955: name is already used by an existing object

	at oracle.jdbc.driver.T4CTTIoer.processError(T4CTTIoer.java:440)
	at oracle.jdbc.driver.T4CTTIoer.processError(T4CTTIoer.java:396)
	at oracle.jdbc.driver.T4C8Oall.processError(T4C8Oall.java:837)
	at oracle.jdbc.driver.T4CTTIfun.receive(T4CTTIfun.java:445)
	at oracle.jdbc.driver.T4CTTIfun.doRPC(T4CTTIfun.java:191)
	at oracle.jdbc.driver.T4C8Oall.doOALL(T4C8Oall.java:523)
	at oracle.jdbc.driver.T4CStatement.doOall8(T4CStatement.java:193)
	at oracle.jdbc.driver.T4CStatement.executeForRows(T4CStatement.java:999)
	at oracle.jdbc.driver.OracleStatement.doExecuteWithTimeout(OracleStatement.java:1315)
	at oracle.jdbc.driver.OracleStatement.executeInternal(OracleStatement.java:1890)
	at oracle.jdbc.driver.OracleStatement.execute(OracleStatement.java:1855)
	at oracle.jdbc.driver.OracleStatementWrapper.execute(OracleStatementWrapper.java:304)
	at org.jkiss.dbeaver.model.impl.jdbc.exec.JDBCStatementImpl.execute(JDBCStatementImpl.java:330)
	at org.jkiss.dbeaver.model.impl.jdbc.exec.JDBCStatementImpl.executeStatement(JDBCStatementImpl.java:131)
	... 12 more
2024-05-29 19:12:20.862 - Error binding callable statement parameters from metadata: 지원되지 않는 기능입니다
2024-05-29 19:12:20.862 - Error obtaining output parameters from metadata: 지원되지 않는 기능입니다
2024-05-29 19:12:20.863 - Can't obtain procedure metadata nor jdbc metadata
2024-05-29 19:12:20.978 - SQL Error [955] [42000]: ORA-00955: name is already used by an existing object


Error position: line: 23 pos: 33
org.jkiss.dbeaver.model.sql.DBSQLException: SQL Error [955] [42000]: ORA-00955: name is already used by an existing object

	at org.jkiss.dbeaver.model.impl.jdbc.exec.JDBCStatementImpl.executeStatement(JDBCStatementImpl.java:133)
	at org.jkiss.dbeaver.ui.editors.sql.execute.SQLQueryJob.executeStatement(SQLQueryJob.java:614)
	at org.jkiss.dbeaver.ui.editors.sql.execute.SQLQueryJob.lambda$2(SQLQueryJob.java:505)
	at org.jkiss.dbeaver.model.exec.DBExecUtils.tryExecuteRecover(DBExecUtils.java:191)
	at org.jkiss.dbeaver.ui.editors.sql.execute.SQLQueryJob.executeSingleQuery(SQLQueryJob.java:524)
	at org.jkiss.dbeaver.ui.editors.sql.execute.SQLQueryJob.extractData(SQLQueryJob.java:976)
	at org.jkiss.dbeaver.ui.editors.sql.SQLEditor$QueryResultsContainer.readData(SQLEditor.java:4133)
	at org.jkiss.dbeaver.ui.controls.resultset.ResultSetJobDataRead.lambda$0(ResultSetJobDataRead.java:123)
	at org.jkiss.dbeaver.model.exec.DBExecUtils.tryExecuteRecover(DBExecUtils.java:191)
	at org.jkiss.dbeaver.ui.controls.resultset.ResultSetJobDataRead.run(ResultSetJobDataRead.java:121)
	at org.jkiss.dbeaver.ui.controls.resultset.ResultSetViewer$ResultSetDataPumpJob.run(ResultSetViewer.java:5148)
	at org.jkiss.dbeaver.model.runtime.AbstractJob.run(AbstractJob.java:114)
	at org.eclipse.core.internal.jobs.Worker.run(Worker.java:63)
Caused by: java.sql.SQLSyntaxErrorException: ORA-00955: name is already used by an existing object

	at oracle.jdbc.driver.T4CTTIoer.processError(T4CTTIoer.java:440)
	at oracle.jdbc.driver.T4CTTIoer.processError(T4CTTIoer.java:396)
	at oracle.jdbc.driver.T4C8Oall.processError(T4C8Oall.java:837)
	at oracle.jdbc.driver.T4CTTIfun.receive(T4CTTIfun.java:445)
	at oracle.jdbc.driver.T4CTTIfun.doRPC(T4CTTIfun.java:191)
	at oracle.jdbc.driver.T4C8Oall.doOALL(T4C8Oall.java:523)
	at oracle.jdbc.driver.T4CStatement.doOall8(T4CStatement.java:193)
	at oracle.jdbc.driver.T4CStatement.executeForRows(T4CStatement.java:999)
	at oracle.jdbc.driver.OracleStatement.doExecuteWithTimeout(OracleStatement.java:1315)
	at oracle.jdbc.driver.OracleStatement.executeInternal(OracleStatement.java:1890)
	at oracle.jdbc.driver.OracleStatement.execute(OracleStatement.java:1855)
	at oracle.jdbc.driver.OracleStatementWrapper.execute(OracleStatementWrapper.java:304)
	at org.jkiss.dbeaver.model.impl.jdbc.exec.JDBCStatementImpl.execute(JDBCStatementImpl.java:330)
	at org.jkiss.dbeaver.model.impl.jdbc.exec.JDBCStatementImpl.executeStatement(JDBCStatementImpl.java:131)
	... 12 more
2024-05-29 19:12:24.774 - Execution context closed (locallhost, 2)
2024-05-29 19:12:24.890 - Execution context closed (localhost, 7)
2024-05-29 19:12:25.361 - DBeaver is stopping
2024-05-29 19:12:25.362 - Stop instance server
2024-05-29 19:12:26.368 - Instance server has been stopped
2024-05-29 19:12:26.369 - DBeaver shutdown completed
